[DEBUG][21-05-09-11-38-50][org.apache.ibatis.logging.LogFactory]Logging initialized using 'class org.apache.ibatis.logging.log4j.Log4jImpl' adapter.
[DEBUG][21-05-09-11-38-50][org.apache.ibatis.logging.LogFactory]Logging initialized using 'class org.apache.ibatis.logging.log4j.Log4jImpl' adapter.
[DEBUG][21-05-09-11-38-50][org.apache.ibatis.datasource.pooled.PooledDataSource]PooledDataSource forcefully closed/removed all connections.
[DEBUG][21-05-09-11-38-50][org.apache.ibatis.datasource.pooled.PooledDataSource]PooledDataSource forcefully closed/removed all connections.
[DEBUG][21-05-09-11-38-50][org.apache.ibatis.datasource.pooled.PooledDataSource]PooledDataSource forcefully closed/removed all connections.
[DEBUG][21-05-09-11-38-50][org.apache.ibatis.datasource.pooled.PooledDataSource]PooledDataSource forcefully closed/removed all connections.
[DEBUG][21-05-09-11-38-50][org.apache.ibatis.transaction.jdbc.JdbcTransaction]Opening JDBC Connection
[DEBUG][21-05-09-11-38-52][org.apache.ibatis.datasource.pooled.PooledDataSource]Created connection 1750498848.
[DEBUG][21-05-09-11-38-52][org.apache.ibatis.transaction.jdbc.JdbcTransaction]Setting autocommit to false on JDBC Connection [com.mysql.cj.jdbc.ConnectionImpl@68567e20]
[DEBUG][21-05-09-11-38-52][com.kq.dao.UserMapper.getUserById]==>  Preparing: select * from user.mybatis_tb where id = ?
[DEBUG][21-05-09-11-38-52][com.kq.dao.UserMapper.getUserById]==> Parameters: 1(Integer)
[DEBUG][21-05-09-11-38-52][com.kq.dao.UserMapper.getUserById]<==      Total: 1
[DEBUG][21-05-09-11-38-52][org.apache.ibatis.transaction.jdbc.JdbcTransaction]Resetting autocommit to true on JDBC Connection [com.mysql.cj.jdbc.ConnectionImpl@68567e20]
[DEBUG][21-05-09-11-38-52][org.apache.ibatis.transaction.jdbc.JdbcTransaction]Closing JDBC Connection [com.mysql.cj.jdbc.ConnectionImpl@68567e20]
[DEBUG][21-05-09-11-38-52][org.apache.ibatis.datasource.pooled.PooledDataSource]Returned connection 1750498848 to pool.
[DEBUG][21-05-14-11-37-11][org.apache.ibatis.logging.LogFactory]Logging initialized using 'class org.apache.ibatis.logging.log4j.Log4jImpl' adapter.
[DEBUG][21-05-14-11-37-11][org.apache.ibatis.logging.LogFactory]Logging initialized using 'class org.apache.ibatis.logging.log4j.Log4jImpl' adapter.
[DEBUG][21-05-14-11-37-11][org.apache.ibatis.datasource.pooled.PooledDataSource]PooledDataSource forcefully closed/removed all connections.
[DEBUG][21-05-14-11-37-11][org.apache.ibatis.datasource.pooled.PooledDataSource]PooledDataSource forcefully closed/removed all connections.
[DEBUG][21-05-14-11-37-11][org.apache.ibatis.datasource.pooled.PooledDataSource]PooledDataSource forcefully closed/removed all connections.
[DEBUG][21-05-14-11-37-11][org.apache.ibatis.datasource.pooled.PooledDataSource]PooledDataSource forcefully closed/removed all connections.
[DEBUG][21-05-14-11-37-11][org.apache.ibatis.transaction.jdbc.JdbcTransaction]Opening JDBC Connection
[DEBUG][21-05-14-11-37-13][org.apache.ibatis.datasource.pooled.PooledDataSource]Created connection 1462044018.
[DEBUG][21-05-14-11-37-13][org.apache.ibatis.transaction.jdbc.JdbcTransaction]Setting autocommit to false on JDBC Connection [com.mysql.cj.jdbc.ConnectionImpl@57250572]
[DEBUG][21-05-14-11-37-13][com.kq.dao.UserMapper.getUserList]==>  Preparing: select * from user.mybatis_tb
[DEBUG][21-05-14-11-37-13][com.kq.dao.UserMapper.getUserList]==> Parameters: 
[DEBUG][21-05-14-11-37-13][com.kq.dao.UserMapper.getUserList]<==      Total: 4
[DEBUG][21-05-14-11-37-13][org.apache.ibatis.transaction.jdbc.JdbcTransaction]Resetting autocommit to true on JDBC Connection [com.mysql.cj.jdbc.ConnectionImpl@57250572]
[DEBUG][21-05-14-11-37-13][org.apache.ibatis.transaction.jdbc.JdbcTransaction]Closing JDBC Connection [com.mysql.cj.jdbc.ConnectionImpl@57250572]
[DEBUG][21-05-14-11-37-13][org.apache.ibatis.datasource.pooled.PooledDataSource]Returned connection 1462044018 to pool.
[DEBUG][21-05-14-11-39-24][org.apache.ibatis.logging.LogFactory]Logging initialized using 'class org.apache.ibatis.logging.log4j.Log4jImpl' adapter.
[DEBUG][21-05-14-11-39-24][org.apache.ibatis.logging.LogFactory]Logging initialized using 'class org.apache.ibatis.logging.log4j.Log4jImpl' adapter.
[DEBUG][21-05-14-11-39-24][org.apache.ibatis.datasource.pooled.PooledDataSource]PooledDataSource forcefully closed/removed all connections.
[DEBUG][21-05-14-11-39-24][org.apache.ibatis.datasource.pooled.PooledDataSource]PooledDataSource forcefully closed/removed all connections.
[DEBUG][21-05-14-11-39-24][org.apache.ibatis.datasource.pooled.PooledDataSource]PooledDataSource forcefully closed/removed all connections.
[DEBUG][21-05-14-11-39-24][org.apache.ibatis.datasource.pooled.PooledDataSource]PooledDataSource forcefully closed/removed all connections.
[DEBUG][21-05-14-11-39-24][org.apache.ibatis.transaction.jdbc.JdbcTransaction]Opening JDBC Connection
[DEBUG][21-05-14-11-39-26][org.apache.ibatis.datasource.pooled.PooledDataSource]Created connection 1750498848.
[DEBUG][21-05-14-11-39-26][org.apache.ibatis.transaction.jdbc.JdbcTransaction]Setting autocommit to false on JDBC Connection [com.mysql.cj.jdbc.ConnectionImpl@68567e20]
[DEBUG][21-05-14-11-39-26][com.kq.dao.UserMapper.getUserById]==>  Preparing: select * from user.mybatis_tb where id = ?
[DEBUG][21-05-14-11-39-26][com.kq.dao.UserMapper.getUserById]==> Parameters: 1(Integer)
[DEBUG][21-05-14-11-39-26][com.kq.dao.UserMapper.getUserById]<==      Total: 1
[DEBUG][21-05-14-11-39-26][org.apache.ibatis.transaction.jdbc.JdbcTransaction]Resetting autocommit to true on JDBC Connection [com.mysql.cj.jdbc.ConnectionImpl@68567e20]
[DEBUG][21-05-14-11-39-26][org.apache.ibatis.transaction.jdbc.JdbcTransaction]Closing JDBC Connection [com.mysql.cj.jdbc.ConnectionImpl@68567e20]
[DEBUG][21-05-14-11-39-26][org.apache.ibatis.datasource.pooled.PooledDataSource]Returned connection 1750498848 to pool.
[DEBUG][21-05-21-12-25-04][org.apache.ibatis.logging.LogFactory]Logging initialized using 'class org.apache.ibatis.logging.log4j.Log4jImpl' adapter.
[DEBUG][21-05-21-12-25-04][org.apache.ibatis.logging.LogFactory]Logging initialized using 'class org.apache.ibatis.logging.log4j.Log4jImpl' adapter.
[DEBUG][21-05-21-12-25-04][org.apache.ibatis.datasource.pooled.PooledDataSource]PooledDataSource forcefully closed/removed all connections.
[DEBUG][21-05-21-12-25-04][org.apache.ibatis.datasource.pooled.PooledDataSource]PooledDataSource forcefully closed/removed all connections.
[DEBUG][21-05-21-12-25-04][org.apache.ibatis.datasource.pooled.PooledDataSource]PooledDataSource forcefully closed/removed all connections.
[DEBUG][21-05-21-12-25-04][org.apache.ibatis.datasource.pooled.PooledDataSource]PooledDataSource forcefully closed/removed all connections.
[DEBUG][21-05-21-12-25-04][org.apache.ibatis.transaction.jdbc.JdbcTransaction]Opening JDBC Connection
[DEBUG][21-05-21-12-25-06][org.apache.ibatis.datasource.pooled.PooledDataSource]Created connection 1750498848.
[DEBUG][21-05-21-12-25-06][org.apache.ibatis.transaction.jdbc.JdbcTransaction]Setting autocommit to false on JDBC Connection [com.mysql.cj.jdbc.ConnectionImpl@68567e20]
[DEBUG][21-05-21-12-25-06][com.kq.dao.UserMapper.getUserById]==>  Preparing: select * from user.mybatis_tb where id = ?
[DEBUG][21-05-21-12-25-06][com.kq.dao.UserMapper.getUserById]==> Parameters: 1(Integer)
[DEBUG][21-05-21-12-25-06][com.kq.dao.UserMapper.getUserById]<==      Total: 1
[DEBUG][21-05-21-12-25-06][org.apache.ibatis.transaction.jdbc.JdbcTransaction]Resetting autocommit to true on JDBC Connection [com.mysql.cj.jdbc.ConnectionImpl@68567e20]
[DEBUG][21-05-21-12-25-06][org.apache.ibatis.transaction.jdbc.JdbcTransaction]Closing JDBC Connection [com.mysql.cj.jdbc.ConnectionImpl@68567e20]
[DEBUG][21-05-21-12-25-06][org.apache.ibatis.datasource.pooled.PooledDataSource]Returned connection 1750498848 to pool.
[DEBUG][21-05-21-12-36-11][org.apache.ibatis.logging.LogFactory]Logging initialized using 'class org.apache.ibatis.logging.log4j.Log4jImpl' adapter.
[DEBUG][21-05-21-12-36-11][org.apache.ibatis.logging.LogFactory]Logging initialized using 'class org.apache.ibatis.logging.log4j.Log4jImpl' adapter.
[DEBUG][21-05-21-12-36-11][org.apache.ibatis.datasource.pooled.PooledDataSource]PooledDataSource forcefully closed/removed all connections.
[DEBUG][21-05-21-12-36-11][org.apache.ibatis.datasource.pooled.PooledDataSource]PooledDataSource forcefully closed/removed all connections.
[DEBUG][21-05-21-12-36-11][org.apache.ibatis.datasource.pooled.PooledDataSource]PooledDataSource forcefully closed/removed all connections.
[DEBUG][21-05-21-12-36-11][org.apache.ibatis.datasource.pooled.PooledDataSource]PooledDataSource forcefully closed/removed all connections.
[DEBUG][21-05-21-12-36-35][org.apache.ibatis.logging.LogFactory]Logging initialized using 'class org.apache.ibatis.logging.log4j.Log4jImpl' adapter.
[DEBUG][21-05-21-12-36-35][org.apache.ibatis.logging.LogFactory]Logging initialized using 'class org.apache.ibatis.logging.log4j.Log4jImpl' adapter.
[DEBUG][21-05-21-12-36-35][org.apache.ibatis.datasource.pooled.PooledDataSource]PooledDataSource forcefully closed/removed all connections.
[DEBUG][21-05-21-12-36-35][org.apache.ibatis.datasource.pooled.PooledDataSource]PooledDataSource forcefully closed/removed all connections.
[DEBUG][21-05-21-12-36-35][org.apache.ibatis.datasource.pooled.PooledDataSource]PooledDataSource forcefully closed/removed all connections.
[DEBUG][21-05-21-12-36-35][org.apache.ibatis.datasource.pooled.PooledDataSource]PooledDataSource forcefully closed/removed all connections.
[DEBUG][21-05-21-12-36-35][org.apache.ibatis.transaction.jdbc.JdbcTransaction]Opening JDBC Connection
[DEBUG][21-05-21-12-36-36][org.apache.ibatis.datasource.pooled.PooledDataSource]Created connection 1750498848.
[DEBUG][21-05-21-12-36-36][org.apache.ibatis.transaction.jdbc.JdbcTransaction]Setting autocommit to false on JDBC Connection [com.mysql.cj.jdbc.ConnectionImpl@68567e20]
[DEBUG][21-05-21-12-36-37][com.kq.dao.UserMapper.getUserById]==>  Preparing: select * from user.mybatis_tb where id = ?
[DEBUG][21-05-21-12-36-37][com.kq.dao.UserMapper.getUserById]==> Parameters: 1(Integer)
[DEBUG][21-05-21-12-36-37][com.kq.dao.UserMapper.getUserById]<==      Total: 1
[DEBUG][21-05-21-12-36-37][org.apache.ibatis.transaction.jdbc.JdbcTransaction]Resetting autocommit to true on JDBC Connection [com.mysql.cj.jdbc.ConnectionImpl@68567e20]
[DEBUG][21-05-21-12-36-37][org.apache.ibatis.transaction.jdbc.JdbcTransaction]Closing JDBC Connection [com.mysql.cj.jdbc.ConnectionImpl@68567e20]
[DEBUG][21-05-21-12-36-37][org.apache.ibatis.datasource.pooled.PooledDataSource]Returned connection 1750498848 to pool.
[DEBUG][21-09-08-01-35-45][org.apache.ibatis.logging.LogFactory]Logging initialized using 'class org.apache.ibatis.logging.log4j.Log4jImpl' adapter.
[DEBUG][21-09-08-01-35-45][org.apache.ibatis.logging.LogFactory]Logging initialized using 'class org.apache.ibatis.logging.log4j.Log4jImpl' adapter.
[DEBUG][21-09-08-01-35-45][org.apache.ibatis.datasource.pooled.PooledDataSource]PooledDataSource forcefully closed/removed all connections.
[DEBUG][21-09-08-01-35-45][org.apache.ibatis.datasource.pooled.PooledDataSource]PooledDataSource forcefully closed/removed all connections.
[DEBUG][21-09-08-01-35-45][org.apache.ibatis.datasource.pooled.PooledDataSource]PooledDataSource forcefully closed/removed all connections.
[DEBUG][21-09-08-01-35-45][org.apache.ibatis.datasource.pooled.PooledDataSource]PooledDataSource forcefully closed/removed all connections.
[DEBUG][21-09-08-01-35-45][org.apache.ibatis.transaction.jdbc.JdbcTransaction]Opening JDBC Connection
[DEBUG][21-09-08-01-35-47][org.apache.ibatis.datasource.pooled.PooledDataSource]Created connection 1750498848.
[DEBUG][21-09-08-01-35-47][org.apache.ibatis.transaction.jdbc.JdbcTransaction]Setting autocommit to false on JDBC Connection [com.mysql.cj.jdbc.ConnectionImpl@68567e20]
[DEBUG][21-09-08-01-35-47][com.kq.dao.UserMapper.getUserById]==>  Preparing: select * from user.mybatis_tb where id = ?
[DEBUG][21-09-08-01-35-47][com.kq.dao.UserMapper.getUserById]==> Parameters: 1(Integer)
[DEBUG][21-09-08-01-35-47][com.kq.dao.UserMapper.getUserById]<==      Total: 1
[DEBUG][21-09-08-01-35-47][org.apache.ibatis.transaction.jdbc.JdbcTransaction]Resetting autocommit to true on JDBC Connection [com.mysql.cj.jdbc.ConnectionImpl@68567e20]
[DEBUG][21-09-08-01-35-47][org.apache.ibatis.transaction.jdbc.JdbcTransaction]Closing JDBC Connection [com.mysql.cj.jdbc.ConnectionImpl@68567e20]
[DEBUG][21-09-08-01-35-47][org.apache.ibatis.datasource.pooled.PooledDataSource]Returned connection 1750498848 to pool.
[DEBUG][21-09-08-01-36-08][org.apache.ibatis.logging.LogFactory]Logging initialized using 'class org.apache.ibatis.logging.log4j.Log4jImpl' adapter.
[DEBUG][21-09-08-01-36-08][org.apache.ibatis.logging.LogFactory]Logging initialized using 'class org.apache.ibatis.logging.log4j.Log4jImpl' adapter.
[DEBUG][21-09-08-01-36-08][org.apache.ibatis.datasource.pooled.PooledDataSource]PooledDataSource forcefully closed/removed all connections.
[DEBUG][21-09-08-01-36-08][org.apache.ibatis.datasource.pooled.PooledDataSource]PooledDataSource forcefully closed/removed all connections.
[DEBUG][21-09-08-01-36-08][org.apache.ibatis.datasource.pooled.PooledDataSource]PooledDataSource forcefully closed/removed all connections.
[DEBUG][21-09-08-01-36-08][org.apache.ibatis.datasource.pooled.PooledDataSource]PooledDataSource forcefully closed/removed all connections.
[DEBUG][21-09-08-01-36-08][org.apache.ibatis.transaction.jdbc.JdbcTransaction]Opening JDBC Connection
[DEBUG][21-09-08-01-36-10][org.apache.ibatis.datasource.pooled.PooledDataSource]Created connection 815320891.
[DEBUG][21-09-08-01-36-10][org.apache.ibatis.transaction.jdbc.JdbcTransaction]Setting autocommit to false on JDBC Connection [com.mysql.cj.jdbc.ConnectionImpl@3098cf3b]
[DEBUG][21-09-08-01-36-10][com.kq.dao.UserMapper.addUser]==>  Preparing: insert into user.mybatis_tb (id, name,pwd) values (?,?,?);
[DEBUG][21-09-08-01-39-39][org.apache.ibatis.logging.LogFactory]Logging initialized using 'class org.apache.ibatis.logging.log4j.Log4jImpl' adapter.
[DEBUG][21-09-08-01-39-39][org.apache.ibatis.logging.LogFactory]Logging initialized using 'class org.apache.ibatis.logging.log4j.Log4jImpl' adapter.
[DEBUG][21-09-08-01-39-39][org.apache.ibatis.datasource.pooled.PooledDataSource]PooledDataSource forcefully closed/removed all connections.
[DEBUG][21-09-08-01-39-39][org.apache.ibatis.datasource.pooled.PooledDataSource]PooledDataSource forcefully closed/removed all connections.
[DEBUG][21-09-08-01-39-39][org.apache.ibatis.datasource.pooled.PooledDataSource]PooledDataSource forcefully closed/removed all connections.
[DEBUG][21-09-08-01-39-39][org.apache.ibatis.datasource.pooled.PooledDataSource]PooledDataSource forcefully closed/removed all connections.
[DEBUG][21-09-08-01-39-40][org.apache.ibatis.transaction.jdbc.JdbcTransaction]Opening JDBC Connection
[DEBUG][21-09-08-01-39-41][org.apache.ibatis.datasource.pooled.PooledDataSource]Created connection 815320891.
[DEBUG][21-09-08-01-39-41][org.apache.ibatis.transaction.jdbc.JdbcTransaction]Setting autocommit to false on JDBC Connection [com.mysql.cj.jdbc.ConnectionImpl@3098cf3b]
[DEBUG][21-09-08-01-39-41][com.kq.dao.UserMapper.addUser]==>  Preparing: insert into user.mybatis_tb (id,name,pwd) values (?,?,?);
[DEBUG][21-09-08-01-39-42][com.kq.dao.UserMapper.addUser]==> Parameters: 6(Integer), zk6(String), 123(String)
[DEBUG][21-09-08-01-39-42][com.kq.dao.UserMapper.addUser]<==    Updates: 1
[DEBUG][21-09-08-01-39-42][org.apache.ibatis.transaction.jdbc.JdbcTransaction]Committing JDBC Connection [com.mysql.cj.jdbc.ConnectionImpl@3098cf3b]
[DEBUG][21-09-08-01-39-42][org.apache.ibatis.transaction.jdbc.JdbcTransaction]Resetting autocommit to true on JDBC Connection [com.mysql.cj.jdbc.ConnectionImpl@3098cf3b]
[DEBUG][21-09-08-01-39-42][org.apache.ibatis.transaction.jdbc.JdbcTransaction]Closing JDBC Connection [com.mysql.cj.jdbc.ConnectionImpl@3098cf3b]
[DEBUG][21-09-08-01-39-42][org.apache.ibatis.datasource.pooled.PooledDataSource]Returned connection 815320891 to pool.
[DEBUG][21-09-08-01-40-46][org.apache.ibatis.logging.LogFactory]Logging initialized using 'class org.apache.ibatis.logging.log4j.Log4jImpl' adapter.
[DEBUG][21-09-08-01-40-46][org.apache.ibatis.logging.LogFactory]Logging initialized using 'class org.apache.ibatis.logging.log4j.Log4jImpl' adapter.
[DEBUG][21-09-08-01-40-46][org.apache.ibatis.datasource.pooled.PooledDataSource]PooledDataSource forcefully closed/removed all connections.
[DEBUG][21-09-08-01-40-46][org.apache.ibatis.datasource.pooled.PooledDataSource]PooledDataSource forcefully closed/removed all connections.
[DEBUG][21-09-08-01-40-46][org.apache.ibatis.datasource.pooled.PooledDataSource]PooledDataSource forcefully closed/removed all connections.
[DEBUG][21-09-08-01-40-46][org.apache.ibatis.datasource.pooled.PooledDataSource]PooledDataSource forcefully closed/removed all connections.
[DEBUG][21-09-08-01-40-46][org.apache.ibatis.transaction.jdbc.JdbcTransaction]Opening JDBC Connection
[DEBUG][21-09-08-01-40-48][org.apache.ibatis.datasource.pooled.PooledDataSource]Created connection 1750498848.
[DEBUG][21-09-08-01-40-48][org.apache.ibatis.transaction.jdbc.JdbcTransaction]Setting autocommit to false on JDBC Connection [com.mysql.cj.jdbc.ConnectionImpl@68567e20]
[DEBUG][21-09-08-01-40-48][com.kq.dao.UserMapper.getUserById]==>  Preparing: select * from user.mybatis_tb where id = ?
[DEBUG][21-09-08-01-40-48][com.kq.dao.UserMapper.getUserById]==> Parameters: 1(Integer)
[DEBUG][21-09-08-01-41-06][org.apache.ibatis.logging.LogFactory]Logging initialized using 'class org.apache.ibatis.logging.log4j.Log4jImpl' adapter.
[DEBUG][21-09-08-01-41-06][org.apache.ibatis.logging.LogFactory]Logging initialized using 'class org.apache.ibatis.logging.log4j.Log4jImpl' adapter.
[DEBUG][21-09-08-01-41-06][org.apache.ibatis.datasource.pooled.PooledDataSource]PooledDataSource forcefully closed/removed all connections.
[DEBUG][21-09-08-01-41-06][org.apache.ibatis.datasource.pooled.PooledDataSource]PooledDataSource forcefully closed/removed all connections.
[DEBUG][21-09-08-01-41-06][org.apache.ibatis.datasource.pooled.PooledDataSource]PooledDataSource forcefully closed/removed all connections.
[DEBUG][21-09-08-01-41-06][org.apache.ibatis.datasource.pooled.PooledDataSource]PooledDataSource forcefully closed/removed all connections.
[DEBUG][21-09-08-01-41-06][org.apache.ibatis.transaction.jdbc.JdbcTransaction]Opening JDBC Connection
[DEBUG][21-09-08-01-41-08][org.apache.ibatis.datasource.pooled.PooledDataSource]Created connection 1750498848.
[DEBUG][21-09-08-01-41-08][org.apache.ibatis.transaction.jdbc.JdbcTransaction]Setting autocommit to false on JDBC Connection [com.mysql.cj.jdbc.ConnectionImpl@68567e20]
[DEBUG][21-09-08-01-41-08][com.kq.dao.UserMapper.getUserById]==>  Preparing: select * from user.mybatis_tb where id = ?
[DEBUG][21-09-08-01-41-08][com.kq.dao.UserMapper.getUserById]==> Parameters: 1(Integer)
[DEBUG][21-09-08-01-41-08][com.kq.dao.UserMapper.getUserById]<==      Total: 1
[DEBUG][21-09-08-01-41-08][org.apache.ibatis.transaction.jdbc.JdbcTransaction]Resetting autocommit to true on JDBC Connection [com.mysql.cj.jdbc.ConnectionImpl@68567e20]
[DEBUG][21-09-08-01-41-08][org.apache.ibatis.transaction.jdbc.JdbcTransaction]Closing JDBC Connection [com.mysql.cj.jdbc.ConnectionImpl@68567e20]
[DEBUG][21-09-08-01-41-08][org.apache.ibatis.datasource.pooled.PooledDataSource]Returned connection 1750498848 to pool.
[INFO][21-09-08-01-46-35][com.kq.dao.UserMapperTest]进入了info方法
[DEBUG][21-09-08-01-46-35][com.kq.dao.UserMapperTest]进入了debug方式
[DEBUG][21-09-08-02-13-46][org.apache.ibatis.logging.LogFactory]Logging initialized using 'class org.apache.ibatis.logging.log4j.Log4jImpl' adapter.
[DEBUG][21-09-08-02-13-46][org.apache.ibatis.logging.LogFactory]Logging initialized using 'class org.apache.ibatis.logging.log4j.Log4jImpl' adapter.
[DEBUG][21-09-08-02-13-46][org.apache.ibatis.datasource.pooled.PooledDataSource]PooledDataSource forcefully closed/removed all connections.
[DEBUG][21-09-08-02-13-46][org.apache.ibatis.datasource.pooled.PooledDataSource]PooledDataSource forcefully closed/removed all connections.
[DEBUG][21-09-08-02-13-46][org.apache.ibatis.datasource.pooled.PooledDataSource]PooledDataSource forcefully closed/removed all connections.
[DEBUG][21-09-08-02-13-46][org.apache.ibatis.datasource.pooled.PooledDataSource]PooledDataSource forcefully closed/removed all connections.
[DEBUG][21-09-08-02-14-18][org.apache.ibatis.logging.LogFactory]Logging initialized using 'class org.apache.ibatis.logging.log4j.Log4jImpl' adapter.
[DEBUG][21-09-08-02-14-18][org.apache.ibatis.logging.LogFactory]Logging initialized using 'class org.apache.ibatis.logging.log4j.Log4jImpl' adapter.
[DEBUG][21-09-08-02-14-18][org.apache.ibatis.datasource.pooled.PooledDataSource]PooledDataSource forcefully closed/removed all connections.
[DEBUG][21-09-08-02-14-18][org.apache.ibatis.datasource.pooled.PooledDataSource]PooledDataSource forcefully closed/removed all connections.
[DEBUG][21-09-08-02-14-18][org.apache.ibatis.datasource.pooled.PooledDataSource]PooledDataSource forcefully closed/removed all connections.
[DEBUG][21-09-08-02-14-18][org.apache.ibatis.datasource.pooled.PooledDataSource]PooledDataSource forcefully closed/removed all connections.
[DEBUG][21-09-08-02-15-33][org.apache.ibatis.logging.LogFactory]Logging initialized using 'class org.apache.ibatis.logging.log4j.Log4jImpl' adapter.
[DEBUG][21-09-08-02-15-33][org.apache.ibatis.logging.LogFactory]Logging initialized using 'class org.apache.ibatis.logging.log4j.Log4jImpl' adapter.
[DEBUG][21-09-08-02-15-33][org.apache.ibatis.datasource.pooled.PooledDataSource]PooledDataSource forcefully closed/removed all connections.
[DEBUG][21-09-08-02-15-33][org.apache.ibatis.datasource.pooled.PooledDataSource]PooledDataSource forcefully closed/removed all connections.
[DEBUG][21-09-08-02-15-33][org.apache.ibatis.datasource.pooled.PooledDataSource]PooledDataSource forcefully closed/removed all connections.
[DEBUG][21-09-08-02-15-33][org.apache.ibatis.datasource.pooled.PooledDataSource]PooledDataSource forcefully closed/removed all connections.
[DEBUG][21-09-08-02-19-38][org.apache.ibatis.logging.LogFactory]Logging initialized using 'class org.apache.ibatis.logging.log4j.Log4jImpl' adapter.
[DEBUG][21-09-08-02-19-38][org.apache.ibatis.logging.LogFactory]Logging initialized using 'class org.apache.ibatis.logging.log4j.Log4jImpl' adapter.
[DEBUG][21-09-08-02-19-38][org.apache.ibatis.datasource.pooled.PooledDataSource]PooledDataSource forcefully closed/removed all connections.
[DEBUG][21-09-08-02-19-38][org.apache.ibatis.datasource.pooled.PooledDataSource]PooledDataSource forcefully closed/removed all connections.
[DEBUG][21-09-08-02-19-38][org.apache.ibatis.datasource.pooled.PooledDataSource]PooledDataSource forcefully closed/removed all connections.
[DEBUG][21-09-08-02-19-38][org.apache.ibatis.datasource.pooled.PooledDataSource]PooledDataSource forcefully closed/removed all connections.
[DEBUG][21-09-08-02-20-36][org.apache.ibatis.logging.LogFactory]Logging initialized using 'class org.apache.ibatis.logging.log4j.Log4jImpl' adapter.
[DEBUG][21-09-08-02-20-36][org.apache.ibatis.logging.LogFactory]Logging initialized using 'class org.apache.ibatis.logging.log4j.Log4jImpl' adapter.
[DEBUG][21-09-08-02-20-36][org.apache.ibatis.datasource.pooled.PooledDataSource]PooledDataSource forcefully closed/removed all connections.
[DEBUG][21-09-08-02-20-36][org.apache.ibatis.datasource.pooled.PooledDataSource]PooledDataSource forcefully closed/removed all connections.
[DEBUG][21-09-08-02-20-36][org.apache.ibatis.datasource.pooled.PooledDataSource]PooledDataSource forcefully closed/removed all connections.
[DEBUG][21-09-08-02-20-36][org.apache.ibatis.datasource.pooled.PooledDataSource]PooledDataSource forcefully closed/removed all connections.
[DEBUG][21-09-08-02-21-51][org.apache.ibatis.logging.LogFactory]Logging initialized using 'class org.apache.ibatis.logging.log4j.Log4jImpl' adapter.
[DEBUG][21-09-08-02-21-51][org.apache.ibatis.logging.LogFactory]Logging initialized using 'class org.apache.ibatis.logging.log4j.Log4jImpl' adapter.
[DEBUG][21-09-08-02-21-51][org.apache.ibatis.datasource.pooled.PooledDataSource]PooledDataSource forcefully closed/removed all connections.
[DEBUG][21-09-08-02-21-51][org.apache.ibatis.datasource.pooled.PooledDataSource]PooledDataSource forcefully closed/removed all connections.
[DEBUG][21-09-08-02-21-51][org.apache.ibatis.datasource.pooled.PooledDataSource]PooledDataSource forcefully closed/removed all connections.
[DEBUG][21-09-08-02-21-51][org.apache.ibatis.datasource.pooled.PooledDataSource]PooledDataSource forcefully closed/removed all connections.
[DEBUG][21-09-08-02-21-51][org.apache.ibatis.transaction.jdbc.JdbcTransaction]Opening JDBC Connection
[DEBUG][21-09-08-02-21-53][org.apache.ibatis.datasource.pooled.PooledDataSource]Created connection 1995250556.
[DEBUG][21-09-08-02-21-53][org.apache.ibatis.transaction.jdbc.JdbcTransaction]Setting autocommit to false on JDBC Connection [com.mysql.cj.jdbc.ConnectionImpl@76ed1b7c]
[DEBUG][21-09-08-02-21-53][com.kq.dao.UserMapper.userLimit]==>  Preparing: select * from user.mybatis_tb limit ?,?
[DEBUG][21-09-08-02-21-53][com.kq.dao.UserMapper.userLimit]==> Parameters: 0(Integer), 2(Integer)
[DEBUG][21-09-08-02-21-54][com.kq.dao.UserMapper.userLimit]<==      Total: 2
[DEBUG][21-09-08-02-22-47][org.apache.ibatis.logging.LogFactory]Logging initialized using 'class org.apache.ibatis.logging.log4j.Log4jImpl' adapter.
[DEBUG][21-09-08-02-22-47][org.apache.ibatis.logging.LogFactory]Logging initialized using 'class org.apache.ibatis.logging.log4j.Log4jImpl' adapter.
[DEBUG][21-09-08-02-22-47][org.apache.ibatis.datasource.pooled.PooledDataSource]PooledDataSource forcefully closed/removed all connections.
[DEBUG][21-09-08-02-22-47][org.apache.ibatis.datasource.pooled.PooledDataSource]PooledDataSource forcefully closed/removed all connections.
[DEBUG][21-09-08-02-22-47][org.apache.ibatis.datasource.pooled.PooledDataSource]PooledDataSource forcefully closed/removed all connections.
[DEBUG][21-09-08-02-22-47][org.apache.ibatis.datasource.pooled.PooledDataSource]PooledDataSource forcefully closed/removed all connections.
