[DEBUG][21-09-08-10-59-06][org.apache.ibatis.logging.LogFactory]Logging initialized using 'class org.apache.ibatis.logging.log4j.Log4jImpl' adapter.
[DEBUG][21-09-08-10-59-06][org.apache.ibatis.logging.LogFactory]Logging initialized using 'class org.apache.ibatis.logging.log4j.Log4jImpl' adapter.
[DEBUG][21-09-08-11-00-02][org.apache.ibatis.logging.LogFactory]Logging initialized using 'class org.apache.ibatis.logging.log4j.Log4jImpl' adapter.
[DEBUG][21-09-08-11-00-02][org.apache.ibatis.logging.LogFactory]Logging initialized using 'class org.apache.ibatis.logging.log4j.Log4jImpl' adapter.
[DEBUG][21-09-08-11-00-42][org.apache.ibatis.logging.LogFactory]Logging initialized using 'class org.apache.ibatis.logging.log4j.Log4jImpl' adapter.
[DEBUG][21-09-08-11-00-42][org.apache.ibatis.logging.LogFactory]Logging initialized using 'class org.apache.ibatis.logging.log4j.Log4jImpl' adapter.
[DEBUG][21-09-08-11-00-42][org.apache.ibatis.datasource.pooled.PooledDataSource]PooledDataSource forcefully closed/removed all connections.
[DEBUG][21-09-08-11-00-42][org.apache.ibatis.datasource.pooled.PooledDataSource]PooledDataSource forcefully closed/removed all connections.
[DEBUG][21-09-08-11-00-42][org.apache.ibatis.datasource.pooled.PooledDataSource]PooledDataSource forcefully closed/removed all connections.
[DEBUG][21-09-08-11-00-42][org.apache.ibatis.datasource.pooled.PooledDataSource]PooledDataSource forcefully closed/removed all connections.
[DEBUG][21-09-08-11-01-59][org.apache.ibatis.logging.LogFactory]Logging initialized using 'class org.apache.ibatis.logging.log4j.Log4jImpl' adapter.
[DEBUG][21-09-08-11-01-59][org.apache.ibatis.logging.LogFactory]Logging initialized using 'class org.apache.ibatis.logging.log4j.Log4jImpl' adapter.
[DEBUG][21-09-08-11-01-59][org.apache.ibatis.datasource.pooled.PooledDataSource]PooledDataSource forcefully closed/removed all connections.
[DEBUG][21-09-08-11-01-59][org.apache.ibatis.datasource.pooled.PooledDataSource]PooledDataSource forcefully closed/removed all connections.
[DEBUG][21-09-08-11-01-59][org.apache.ibatis.datasource.pooled.PooledDataSource]PooledDataSource forcefully closed/removed all connections.
[DEBUG][21-09-08-11-01-59][org.apache.ibatis.datasource.pooled.PooledDataSource]PooledDataSource forcefully closed/removed all connections.
[DEBUG][21-09-08-11-03-00][org.apache.ibatis.logging.LogFactory]Logging initialized using 'class org.apache.ibatis.logging.log4j.Log4jImpl' adapter.
[DEBUG][21-09-08-11-03-00][org.apache.ibatis.logging.LogFactory]Logging initialized using 'class org.apache.ibatis.logging.log4j.Log4jImpl' adapter.
[DEBUG][21-09-08-11-03-00][org.apache.ibatis.datasource.pooled.PooledDataSource]PooledDataSource forcefully closed/removed all connections.
[DEBUG][21-09-08-11-03-00][org.apache.ibatis.datasource.pooled.PooledDataSource]PooledDataSource forcefully closed/removed all connections.
[DEBUG][21-09-08-11-03-00][org.apache.ibatis.datasource.pooled.PooledDataSource]PooledDataSource forcefully closed/removed all connections.
[DEBUG][21-09-08-11-03-00][org.apache.ibatis.datasource.pooled.PooledDataSource]PooledDataSource forcefully closed/removed all connections.
[DEBUG][21-09-08-11-03-00][org.apache.ibatis.transaction.jdbc.JdbcTransaction]Opening JDBC Connection
[DEBUG][21-09-08-11-03-02][org.apache.ibatis.datasource.pooled.PooledDataSource]Created connection 1647766367.
[DEBUG][21-09-08-11-03-02][org.apache.ibatis.transaction.jdbc.JdbcTransaction]Setting autocommit to false on JDBC Connection [com.mysql.cj.jdbc.ConnectionImpl@6236eb5f]
[DEBUG][21-09-08-11-03-02][com.kq.dao.TeacherMapper.getTeacherStudent]==>  Preparing: select * from user.teacher where id=?;
[DEBUG][21-09-08-11-03-02][com.kq.dao.TeacherMapper.getTeacherStudent]==> Parameters: 1(Integer)
[DEBUG][21-09-08-11-03-03][com.kq.dao.TeacherMapper.getStudent]====>  Preparing: select * from user.student
[DEBUG][21-09-08-11-03-03][com.kq.dao.TeacherMapper.getStudent]====> Parameters: 
[DEBUG][21-09-08-11-03-03][com.kq.dao.TeacherMapper.getStudent]<====      Total: 5
[DEBUG][21-09-08-11-05-27][org.apache.ibatis.logging.LogFactory]Logging initialized using 'class org.apache.ibatis.logging.log4j.Log4jImpl' adapter.
[DEBUG][21-09-08-11-05-27][org.apache.ibatis.logging.LogFactory]Logging initialized using 'class org.apache.ibatis.logging.log4j.Log4jImpl' adapter.
[DEBUG][21-09-08-11-05-27][org.apache.ibatis.datasource.pooled.PooledDataSource]PooledDataSource forcefully closed/removed all connections.
[DEBUG][21-09-08-11-05-27][org.apache.ibatis.datasource.pooled.PooledDataSource]PooledDataSource forcefully closed/removed all connections.
[DEBUG][21-09-08-11-05-27][org.apache.ibatis.datasource.pooled.PooledDataSource]PooledDataSource forcefully closed/removed all connections.
[DEBUG][21-09-08-11-05-27][org.apache.ibatis.datasource.pooled.PooledDataSource]PooledDataSource forcefully closed/removed all connections.
[DEBUG][21-09-08-11-05-27][org.apache.ibatis.transaction.jdbc.JdbcTransaction]Opening JDBC Connection
[DEBUG][21-09-08-11-05-29][org.apache.ibatis.datasource.pooled.PooledDataSource]Created connection 1647766367.
[DEBUG][21-09-08-11-05-29][org.apache.ibatis.transaction.jdbc.JdbcTransaction]Setting autocommit to false on JDBC Connection [com.mysql.cj.jdbc.ConnectionImpl@6236eb5f]
[DEBUG][21-09-08-11-05-29][com.kq.dao.TeacherMapper.getTeacherStudent]==>  Preparing: select t.name from user.teacher t where id=?;
[DEBUG][21-09-08-11-05-29][com.kq.dao.TeacherMapper.getTeacherStudent]==> Parameters: 1(Integer)
[DEBUG][21-09-08-11-05-29][com.kq.dao.TeacherMapper.getTeacherStudent]<==      Total: 1
[DEBUG][21-09-08-11-05-29][org.apache.ibatis.transaction.jdbc.JdbcTransaction]Resetting autocommit to true on JDBC Connection [com.mysql.cj.jdbc.ConnectionImpl@6236eb5f]
[DEBUG][21-09-08-11-05-29][org.apache.ibatis.transaction.jdbc.JdbcTransaction]Closing JDBC Connection [com.mysql.cj.jdbc.ConnectionImpl@6236eb5f]
[DEBUG][21-09-08-11-05-29][org.apache.ibatis.datasource.pooled.PooledDataSource]Returned connection 1647766367 to pool.
[DEBUG][21-09-08-11-11-06][org.apache.ibatis.logging.LogFactory]Logging initialized using 'class org.apache.ibatis.logging.log4j.Log4jImpl' adapter.
[DEBUG][21-09-08-11-11-06][org.apache.ibatis.logging.LogFactory]Logging initialized using 'class org.apache.ibatis.logging.log4j.Log4jImpl' adapter.
[DEBUG][21-09-08-11-11-06][org.apache.ibatis.datasource.pooled.PooledDataSource]PooledDataSource forcefully closed/removed all connections.
[DEBUG][21-09-08-11-11-06][org.apache.ibatis.datasource.pooled.PooledDataSource]PooledDataSource forcefully closed/removed all connections.
[DEBUG][21-09-08-11-11-06][org.apache.ibatis.datasource.pooled.PooledDataSource]PooledDataSource forcefully closed/removed all connections.
[DEBUG][21-09-08-11-11-06][org.apache.ibatis.datasource.pooled.PooledDataSource]PooledDataSource forcefully closed/removed all connections.
[DEBUG][21-09-08-11-11-07][org.apache.ibatis.transaction.jdbc.JdbcTransaction]Opening JDBC Connection
[DEBUG][21-09-08-11-11-09][org.apache.ibatis.datasource.pooled.PooledDataSource]Created connection 1647766367.
[DEBUG][21-09-08-11-11-09][org.apache.ibatis.transaction.jdbc.JdbcTransaction]Setting autocommit to false on JDBC Connection [com.mysql.cj.jdbc.ConnectionImpl@6236eb5f]
[DEBUG][21-09-08-11-11-09][com.kq.dao.TeacherMapper.getTeacherStudent]==>  Preparing: select t.id from user.teacher t where id=?;
[DEBUG][21-09-08-11-11-09][com.kq.dao.TeacherMapper.getTeacherStudent]==> Parameters: 1(Integer)
[DEBUG][21-09-08-11-11-09][com.kq.dao.TeacherMapper.getStudent]====>  Preparing: select s.name from user.student s
[DEBUG][21-09-08-11-11-09][com.kq.dao.TeacherMapper.getStudent]====> Parameters: 
[DEBUG][21-09-08-11-11-09][com.kq.dao.TeacherMapper.getStudent]<====      Total: 5
[DEBUG][21-09-08-11-16-59][org.apache.ibatis.logging.LogFactory]Logging initialized using 'class org.apache.ibatis.logging.log4j.Log4jImpl' adapter.
[DEBUG][21-09-08-11-16-59][org.apache.ibatis.logging.LogFactory]Logging initialized using 'class org.apache.ibatis.logging.log4j.Log4jImpl' adapter.
[DEBUG][21-09-08-11-16-59][org.apache.ibatis.datasource.pooled.PooledDataSource]PooledDataSource forcefully closed/removed all connections.
[DEBUG][21-09-08-11-16-59][org.apache.ibatis.datasource.pooled.PooledDataSource]PooledDataSource forcefully closed/removed all connections.
[DEBUG][21-09-08-11-16-59][org.apache.ibatis.datasource.pooled.PooledDataSource]PooledDataSource forcefully closed/removed all connections.
[DEBUG][21-09-08-11-16-59][org.apache.ibatis.datasource.pooled.PooledDataSource]PooledDataSource forcefully closed/removed all connections.
[DEBUG][21-09-08-11-16-59][org.apache.ibatis.transaction.jdbc.JdbcTransaction]Opening JDBC Connection
[DEBUG][21-09-08-11-17-01][org.apache.ibatis.datasource.pooled.PooledDataSource]Created connection 1647766367.
[DEBUG][21-09-08-11-17-01][org.apache.ibatis.transaction.jdbc.JdbcTransaction]Setting autocommit to false on JDBC Connection [com.mysql.cj.jdbc.ConnectionImpl@6236eb5f]
[DEBUG][21-09-08-11-17-01][com.kq.dao.TeacherMapper.getTeacherStudent]==>  Preparing: select t.id from user.teacher t where id=?;
[DEBUG][21-09-08-11-17-01][com.kq.dao.TeacherMapper.getTeacherStudent]==> Parameters: 1(Integer)
[DEBUG][21-09-08-11-17-02][com.kq.dao.TeacherMapper.getStudent]====>  Preparing: select s.name from user.student s
[DEBUG][21-09-08-11-17-02][com.kq.dao.TeacherMapper.getStudent]====> Parameters: 
[DEBUG][21-09-08-11-17-02][com.kq.dao.TeacherMapper.getStudent]<====      Total: 5
[DEBUG][21-09-08-11-21-20][org.apache.ibatis.logging.LogFactory]Logging initialized using 'class org.apache.ibatis.logging.log4j.Log4jImpl' adapter.
[DEBUG][21-09-08-11-21-20][org.apache.ibatis.logging.LogFactory]Logging initialized using 'class org.apache.ibatis.logging.log4j.Log4jImpl' adapter.
[DEBUG][21-09-08-11-21-20][org.apache.ibatis.datasource.pooled.PooledDataSource]PooledDataSource forcefully closed/removed all connections.
[DEBUG][21-09-08-11-21-20][org.apache.ibatis.datasource.pooled.PooledDataSource]PooledDataSource forcefully closed/removed all connections.
[DEBUG][21-09-08-11-21-20][org.apache.ibatis.datasource.pooled.PooledDataSource]PooledDataSource forcefully closed/removed all connections.
[DEBUG][21-09-08-11-21-20][org.apache.ibatis.datasource.pooled.PooledDataSource]PooledDataSource forcefully closed/removed all connections.
[DEBUG][21-09-08-11-21-39][org.apache.ibatis.logging.LogFactory]Logging initialized using 'class org.apache.ibatis.logging.log4j.Log4jImpl' adapter.
[DEBUG][21-09-08-11-21-39][org.apache.ibatis.logging.LogFactory]Logging initialized using 'class org.apache.ibatis.logging.log4j.Log4jImpl' adapter.
[DEBUG][21-09-08-11-21-39][org.apache.ibatis.datasource.pooled.PooledDataSource]PooledDataSource forcefully closed/removed all connections.
[DEBUG][21-09-08-11-21-39][org.apache.ibatis.datasource.pooled.PooledDataSource]PooledDataSource forcefully closed/removed all connections.
[DEBUG][21-09-08-11-21-39][org.apache.ibatis.datasource.pooled.PooledDataSource]PooledDataSource forcefully closed/removed all connections.
[DEBUG][21-09-08-11-21-39][org.apache.ibatis.datasource.pooled.PooledDataSource]PooledDataSource forcefully closed/removed all connections.
[DEBUG][21-09-08-11-21-39][org.apache.ibatis.transaction.jdbc.JdbcTransaction]Opening JDBC Connection
[DEBUG][21-09-08-11-21-41][org.apache.ibatis.datasource.pooled.PooledDataSource]Created connection 1647766367.
[DEBUG][21-09-08-11-21-41][org.apache.ibatis.transaction.jdbc.JdbcTransaction]Setting autocommit to false on JDBC Connection [com.mysql.cj.jdbc.ConnectionImpl@6236eb5f]
[DEBUG][21-09-08-11-21-41][com.kq.dao.TeacherMapper.getTeacherStudent]==>  Preparing: select t.id from user.teacher t where id=?;
[DEBUG][21-09-08-11-21-41][com.kq.dao.TeacherMapper.getTeacherStudent]==> Parameters: 1(Integer)
[DEBUG][21-09-08-11-21-41][com.kq.dao.TeacherMapper.getStudent]====>  Preparing: select s.name from user.student s
[DEBUG][21-09-08-11-21-41][com.kq.dao.TeacherMapper.getStudent]====> Parameters: 
[DEBUG][21-09-08-11-21-41][com.kq.dao.TeacherMapper.getStudent]<====      Total: 5
[DEBUG][21-09-08-11-22-46][org.apache.ibatis.logging.LogFactory]Logging initialized using 'class org.apache.ibatis.logging.log4j.Log4jImpl' adapter.
[DEBUG][21-09-08-11-22-46][org.apache.ibatis.logging.LogFactory]Logging initialized using 'class org.apache.ibatis.logging.log4j.Log4jImpl' adapter.
[DEBUG][21-09-08-11-22-46][org.apache.ibatis.datasource.pooled.PooledDataSource]PooledDataSource forcefully closed/removed all connections.
[DEBUG][21-09-08-11-22-46][org.apache.ibatis.datasource.pooled.PooledDataSource]PooledDataSource forcefully closed/removed all connections.
[DEBUG][21-09-08-11-22-46][org.apache.ibatis.datasource.pooled.PooledDataSource]PooledDataSource forcefully closed/removed all connections.
[DEBUG][21-09-08-11-22-46][org.apache.ibatis.datasource.pooled.PooledDataSource]PooledDataSource forcefully closed/removed all connections.
[DEBUG][21-09-08-11-22-46][org.apache.ibatis.transaction.jdbc.JdbcTransaction]Opening JDBC Connection
[DEBUG][21-09-08-11-22-48][org.apache.ibatis.datasource.pooled.PooledDataSource]Created connection 961160488.
[DEBUG][21-09-08-11-22-48][org.apache.ibatis.transaction.jdbc.JdbcTransaction]Setting autocommit to false on JDBC Connection [com.mysql.cj.jdbc.ConnectionImpl@394a2528]
[DEBUG][21-09-08-11-22-48][com.kq.dao.TeacherMapper.getTeacherStudent]==>  Preparing: select t.id from user.teacher t where id=?;
[DEBUG][21-09-08-11-22-48][com.kq.dao.TeacherMapper.getTeacherStudent]==> Parameters: 1(Integer)
[DEBUG][21-09-08-11-22-48][com.kq.dao.TeacherMapper.getStudent]====>  Preparing: select s.name from user.student s
[DEBUG][21-09-08-11-22-48][com.kq.dao.TeacherMapper.getStudent]====> Parameters: 
[DEBUG][21-09-08-11-22-48][com.kq.dao.TeacherMapper.getStudent]<====      Total: 5
[DEBUG][21-09-08-11-22-48][com.kq.dao.TeacherMapper.getTeacherStudent]<==      Total: 1
[DEBUG][21-09-08-11-22-48][org.apache.ibatis.transaction.jdbc.JdbcTransaction]Resetting autocommit to true on JDBC Connection [com.mysql.cj.jdbc.ConnectionImpl@394a2528]
[DEBUG][21-09-08-11-22-48][org.apache.ibatis.transaction.jdbc.JdbcTransaction]Closing JDBC Connection [com.mysql.cj.jdbc.ConnectionImpl@394a2528]
[DEBUG][21-09-08-11-22-48][org.apache.ibatis.datasource.pooled.PooledDataSource]Returned connection 961160488 to pool.
[DEBUG][21-09-08-11-23-09][org.apache.ibatis.logging.LogFactory]Logging initialized using 'class org.apache.ibatis.logging.log4j.Log4jImpl' adapter.
[DEBUG][21-09-08-11-23-09][org.apache.ibatis.logging.LogFactory]Logging initialized using 'class org.apache.ibatis.logging.log4j.Log4jImpl' adapter.
[DEBUG][21-09-08-11-23-09][org.apache.ibatis.datasource.pooled.PooledDataSource]PooledDataSource forcefully closed/removed all connections.
[DEBUG][21-09-08-11-23-09][org.apache.ibatis.datasource.pooled.PooledDataSource]PooledDataSource forcefully closed/removed all connections.
[DEBUG][21-09-08-11-23-09][org.apache.ibatis.datasource.pooled.PooledDataSource]PooledDataSource forcefully closed/removed all connections.
[DEBUG][21-09-08-11-23-09][org.apache.ibatis.datasource.pooled.PooledDataSource]PooledDataSource forcefully closed/removed all connections.
[DEBUG][21-09-08-11-23-09][org.apache.ibatis.transaction.jdbc.JdbcTransaction]Opening JDBC Connection
[DEBUG][21-09-08-11-23-11][org.apache.ibatis.datasource.pooled.PooledDataSource]Created connection 961160488.
[DEBUG][21-09-08-11-23-11][org.apache.ibatis.transaction.jdbc.JdbcTransaction]Setting autocommit to false on JDBC Connection [com.mysql.cj.jdbc.ConnectionImpl@394a2528]
[DEBUG][21-09-08-11-23-11][com.kq.dao.TeacherMapper.getTeacherStudent]==>  Preparing: select t.id from user.teacher t where id=?;
[DEBUG][21-09-08-11-23-11][com.kq.dao.TeacherMapper.getTeacherStudent]==> Parameters: 1(Integer)
[DEBUG][21-09-08-11-23-11][com.kq.dao.TeacherMapper.getStudent]====>  Preparing: select s.name from user.student s
[DEBUG][21-09-08-11-23-11][com.kq.dao.TeacherMapper.getStudent]====> Parameters: 
[DEBUG][21-09-08-11-23-11][com.kq.dao.TeacherMapper.getStudent]<====      Total: 5
[DEBUG][21-09-08-11-23-11][com.kq.dao.TeacherMapper.getTeacherStudent]<==      Total: 1
[DEBUG][21-09-08-11-23-11][org.apache.ibatis.transaction.jdbc.JdbcTransaction]Resetting autocommit to true on JDBC Connection [com.mysql.cj.jdbc.ConnectionImpl@394a2528]
[DEBUG][21-09-08-11-23-11][org.apache.ibatis.transaction.jdbc.JdbcTransaction]Closing JDBC Connection [com.mysql.cj.jdbc.ConnectionImpl@394a2528]
[DEBUG][21-09-08-11-23-11][org.apache.ibatis.datasource.pooled.PooledDataSource]Returned connection 961160488 to pool.
[DEBUG][21-09-08-11-27-30][org.apache.ibatis.logging.LogFactory]Logging initialized using 'class org.apache.ibatis.logging.log4j.Log4jImpl' adapter.
[DEBUG][21-09-08-11-27-30][org.apache.ibatis.logging.LogFactory]Logging initialized using 'class org.apache.ibatis.logging.log4j.Log4jImpl' adapter.
[DEBUG][21-09-08-11-27-31][org.apache.ibatis.datasource.pooled.PooledDataSource]PooledDataSource forcefully closed/removed all connections.
[DEBUG][21-09-08-11-27-31][org.apache.ibatis.datasource.pooled.PooledDataSource]PooledDataSource forcefully closed/removed all connections.
[DEBUG][21-09-08-11-27-31][org.apache.ibatis.datasource.pooled.PooledDataSource]PooledDataSource forcefully closed/removed all connections.
[DEBUG][21-09-08-11-27-31][org.apache.ibatis.datasource.pooled.PooledDataSource]PooledDataSource forcefully closed/removed all connections.
[DEBUG][21-09-08-11-27-31][org.apache.ibatis.transaction.jdbc.JdbcTransaction]Opening JDBC Connection
[DEBUG][21-09-08-11-27-33][org.apache.ibatis.datasource.pooled.PooledDataSource]Created connection 961160488.
[DEBUG][21-09-08-11-27-33][org.apache.ibatis.transaction.jdbc.JdbcTransaction]Setting autocommit to false on JDBC Connection [com.mysql.cj.jdbc.ConnectionImpl@394a2528]
[DEBUG][21-09-08-11-27-33][com.kq.dao.TeacherMapper.getTeacherStudent]==>  Preparing: select t.id tid,t.name tname,s.name sname from user.teacher t,user.student s where t.id=s.tid=?;
[DEBUG][21-09-08-11-27-33][com.kq.dao.TeacherMapper.getTeacherStudent]==> Parameters: 1(Integer)
[DEBUG][21-09-08-11-27-33][com.kq.dao.TeacherMapper.getStudent]====>  Preparing: select s.name from user.student s
[DEBUG][21-09-08-11-27-33][com.kq.dao.TeacherMapper.getStudent]====> Parameters: 
[DEBUG][21-09-08-11-27-33][com.kq.dao.TeacherMapper.getStudent]<====      Total: 5
[DEBUG][21-09-08-11-27-33][com.kq.dao.TeacherMapper.getTeacherStudent]<==      Total: 5
[DEBUG][21-09-08-11-30-49][org.apache.ibatis.logging.LogFactory]Logging initialized using 'class org.apache.ibatis.logging.log4j.Log4jImpl' adapter.
[DEBUG][21-09-08-11-30-49][org.apache.ibatis.logging.LogFactory]Logging initialized using 'class org.apache.ibatis.logging.log4j.Log4jImpl' adapter.
[DEBUG][21-09-08-11-30-49][org.apache.ibatis.datasource.pooled.PooledDataSource]PooledDataSource forcefully closed/removed all connections.
[DEBUG][21-09-08-11-30-49][org.apache.ibatis.datasource.pooled.PooledDataSource]PooledDataSource forcefully closed/removed all connections.
[DEBUG][21-09-08-11-30-49][org.apache.ibatis.datasource.pooled.PooledDataSource]PooledDataSource forcefully closed/removed all connections.
[DEBUG][21-09-08-11-30-49][org.apache.ibatis.datasource.pooled.PooledDataSource]PooledDataSource forcefully closed/removed all connections.
[DEBUG][21-09-08-11-30-50][org.apache.ibatis.transaction.jdbc.JdbcTransaction]Opening JDBC Connection
[DEBUG][21-09-08-11-30-52][org.apache.ibatis.datasource.pooled.PooledDataSource]Created connection 1647766367.
[DEBUG][21-09-08-11-30-52][org.apache.ibatis.transaction.jdbc.JdbcTransaction]Setting autocommit to false on JDBC Connection [com.mysql.cj.jdbc.ConnectionImpl@6236eb5f]
[DEBUG][21-09-08-11-30-52][com.kq.dao.TeacherMapper.getTeacherStudent]==>  Preparing: select t.id tid,t.name tname,s.name sname,s.id sid from user.teacher t,user.student s where t.id=s.tid=?;
[DEBUG][21-09-08-11-30-52][com.kq.dao.TeacherMapper.getTeacherStudent]==> Parameters: 1(Integer)
[DEBUG][21-09-08-11-30-52][com.kq.dao.TeacherMapper.getTeacherStudent]<==      Total: 5
[DEBUG][21-09-08-11-33-57][org.apache.ibatis.logging.LogFactory]Logging initialized using 'class org.apache.ibatis.logging.log4j.Log4jImpl' adapter.
[DEBUG][21-09-08-11-33-57][org.apache.ibatis.logging.LogFactory]Logging initialized using 'class org.apache.ibatis.logging.log4j.Log4jImpl' adapter.
[DEBUG][21-09-08-11-33-57][org.apache.ibatis.datasource.pooled.PooledDataSource]PooledDataSource forcefully closed/removed all connections.
[DEBUG][21-09-08-11-33-57][org.apache.ibatis.datasource.pooled.PooledDataSource]PooledDataSource forcefully closed/removed all connections.
[DEBUG][21-09-08-11-33-57][org.apache.ibatis.datasource.pooled.PooledDataSource]PooledDataSource forcefully closed/removed all connections.
[DEBUG][21-09-08-11-33-57][org.apache.ibatis.datasource.pooled.PooledDataSource]PooledDataSource forcefully closed/removed all connections.
[DEBUG][21-09-08-11-33-57][org.apache.ibatis.transaction.jdbc.JdbcTransaction]Opening JDBC Connection
[DEBUG][21-09-08-11-33-59][org.apache.ibatis.datasource.pooled.PooledDataSource]Created connection 1647766367.
[DEBUG][21-09-08-11-33-59][org.apache.ibatis.transaction.jdbc.JdbcTransaction]Setting autocommit to false on JDBC Connection [com.mysql.cj.jdbc.ConnectionImpl@6236eb5f]
[DEBUG][21-09-08-11-33-59][com.kq.dao.TeacherMapper.getTeacherStudent]==>  Preparing: select t.id tid,t.name tname,s.name sname,s.id sid from user.teacher t,user.student s where t.id=s.tid and t.id=?;
[DEBUG][21-09-08-11-33-59][com.kq.dao.TeacherMapper.getTeacherStudent]==> Parameters: 1(Integer)
[DEBUG][21-09-08-11-33-59][com.kq.dao.TeacherMapper.getTeacherStudent]<==      Total: 4
[DEBUG][21-09-08-11-33-59][org.apache.ibatis.transaction.jdbc.JdbcTransaction]Resetting autocommit to true on JDBC Connection [com.mysql.cj.jdbc.ConnectionImpl@6236eb5f]
[DEBUG][21-09-08-11-33-59][org.apache.ibatis.transaction.jdbc.JdbcTransaction]Closing JDBC Connection [com.mysql.cj.jdbc.ConnectionImpl@6236eb5f]
[DEBUG][21-09-08-11-33-59][org.apache.ibatis.datasource.pooled.PooledDataSource]Returned connection 1647766367 to pool.
[DEBUG][21-09-08-11-54-18][org.apache.ibatis.logging.LogFactory]Logging initialized using 'class org.apache.ibatis.logging.log4j.Log4jImpl' adapter.
[DEBUG][21-09-08-11-54-18][org.apache.ibatis.logging.LogFactory]Logging initialized using 'class org.apache.ibatis.logging.log4j.Log4jImpl' adapter.
[DEBUG][21-09-08-11-54-18][org.apache.ibatis.datasource.pooled.PooledDataSource]PooledDataSource forcefully closed/removed all connections.
[DEBUG][21-09-08-11-54-18][org.apache.ibatis.datasource.pooled.PooledDataSource]PooledDataSource forcefully closed/removed all connections.
[DEBUG][21-09-08-11-54-18][org.apache.ibatis.datasource.pooled.PooledDataSource]PooledDataSource forcefully closed/removed all connections.
[DEBUG][21-09-08-11-54-18][org.apache.ibatis.datasource.pooled.PooledDataSource]PooledDataSource forcefully closed/removed all connections.
[DEBUG][21-09-08-11-54-18][org.apache.ibatis.transaction.jdbc.JdbcTransaction]Opening JDBC Connection
[DEBUG][21-09-08-11-54-20][org.apache.ibatis.datasource.pooled.PooledDataSource]Created connection 262366552.
[DEBUG][21-09-08-11-54-20][org.apache.ibatis.transaction.jdbc.JdbcTransaction]Setting autocommit to false on JDBC Connection [com.mysql.cj.jdbc.ConnectionImpl@fa36558]
[DEBUG][21-09-08-11-54-20][com.kq.dao.TeacherMapper.getTeacherStudent2]==>  Preparing: select * from user.teacher where id=?
[DEBUG][21-09-08-11-54-20][com.kq.dao.TeacherMapper.getTeacherStudent2]==> Parameters: 1(Integer)
[DEBUG][21-09-08-11-54-20][com.kq.dao.TeacherMapper.getStudent]====>  Preparing: select * from user.student
[DEBUG][21-09-08-11-54-20][com.kq.dao.TeacherMapper.getStudent]====> Parameters: 
[DEBUG][21-09-08-11-54-20][com.kq.dao.TeacherMapper.getStudent]<====      Total: 5
[DEBUG][21-09-08-11-54-20][com.kq.dao.TeacherMapper.getTeacherStudent2]<==      Total: 1
[DEBUG][21-09-08-11-54-20][org.apache.ibatis.transaction.jdbc.JdbcTransaction]Resetting autocommit to true on JDBC Connection [com.mysql.cj.jdbc.ConnectionImpl@fa36558]
[DEBUG][21-09-08-11-54-20][org.apache.ibatis.transaction.jdbc.JdbcTransaction]Closing JDBC Connection [com.mysql.cj.jdbc.ConnectionImpl@fa36558]
[DEBUG][21-09-08-11-54-20][org.apache.ibatis.datasource.pooled.PooledDataSource]Returned connection 262366552 to pool.
[DEBUG][21-09-08-11-55-00][org.apache.ibatis.logging.LogFactory]Logging initialized using 'class org.apache.ibatis.logging.log4j.Log4jImpl' adapter.
[DEBUG][21-09-08-11-55-00][org.apache.ibatis.logging.LogFactory]Logging initialized using 'class org.apache.ibatis.logging.log4j.Log4jImpl' adapter.
[DEBUG][21-09-08-11-55-00][org.apache.ibatis.datasource.pooled.PooledDataSource]PooledDataSource forcefully closed/removed all connections.
[DEBUG][21-09-08-11-55-00][org.apache.ibatis.datasource.pooled.PooledDataSource]PooledDataSource forcefully closed/removed all connections.
[DEBUG][21-09-08-11-55-00][org.apache.ibatis.datasource.pooled.PooledDataSource]PooledDataSource forcefully closed/removed all connections.
[DEBUG][21-09-08-11-55-00][org.apache.ibatis.datasource.pooled.PooledDataSource]PooledDataSource forcefully closed/removed all connections.
[DEBUG][21-09-08-11-55-01][org.apache.ibatis.transaction.jdbc.JdbcTransaction]Opening JDBC Connection
[DEBUG][21-09-08-11-55-02][org.apache.ibatis.datasource.pooled.PooledDataSource]Created connection 262366552.
[DEBUG][21-09-08-11-55-02][org.apache.ibatis.transaction.jdbc.JdbcTransaction]Setting autocommit to false on JDBC Connection [com.mysql.cj.jdbc.ConnectionImpl@fa36558]
[DEBUG][21-09-08-11-55-02][com.kq.dao.TeacherMapper.getTeacherStudent2]==>  Preparing: select * from user.teacher where id=?
[DEBUG][21-09-08-11-55-03][com.kq.dao.TeacherMapper.getTeacherStudent2]==> Parameters: 1(Integer)
[DEBUG][21-09-08-11-55-03][com.kq.dao.TeacherMapper.getStudent]====>  Preparing: select * from user.student where tid=?
[DEBUG][21-09-08-11-55-03][com.kq.dao.TeacherMapper.getStudent]====> Parameters: 1(Integer)
[DEBUG][21-09-08-11-55-03][com.kq.dao.TeacherMapper.getStudent]<====      Total: 4
[DEBUG][21-09-08-11-55-03][com.kq.dao.TeacherMapper.getTeacherStudent2]<==      Total: 1
[DEBUG][21-09-08-11-55-03][org.apache.ibatis.transaction.jdbc.JdbcTransaction]Resetting autocommit to true on JDBC Connection [com.mysql.cj.jdbc.ConnectionImpl@fa36558]
[DEBUG][21-09-08-11-55-03][org.apache.ibatis.transaction.jdbc.JdbcTransaction]Closing JDBC Connection [com.mysql.cj.jdbc.ConnectionImpl@fa36558]
[DEBUG][21-09-08-11-55-03][org.apache.ibatis.datasource.pooled.PooledDataSource]Returned connection 262366552 to pool.
