[DEBUG][21-09-10-04-19-06][org.apache.ibatis.logging.LogFactory]Logging initialized using 'class org.apache.ibatis.logging.log4j.Log4jImpl' adapter.
[DEBUG][21-09-10-04-19-06][org.apache.ibatis.logging.LogFactory]Logging initialized using 'class org.apache.ibatis.logging.log4j.Log4jImpl' adapter.
[DEBUG][21-09-10-04-19-06][org.apache.ibatis.datasource.pooled.PooledDataSource]PooledDataSource forcefully closed/removed all connections.
[DEBUG][21-09-10-04-19-06][org.apache.ibatis.datasource.pooled.PooledDataSource]PooledDataSource forcefully closed/removed all connections.
[DEBUG][21-09-10-04-19-06][org.apache.ibatis.datasource.pooled.PooledDataSource]PooledDataSource forcefully closed/removed all connections.
[DEBUG][21-09-10-04-19-06][org.apache.ibatis.datasource.pooled.PooledDataSource]PooledDataSource forcefully closed/removed all connections.
[DEBUG][21-09-10-04-19-06][org.apache.ibatis.transaction.jdbc.JdbcTransaction]Opening JDBC Connection
[DEBUG][21-09-10-04-19-08][org.apache.ibatis.datasource.pooled.PooledDataSource]Created connection 1418620248.
[DEBUG][21-09-10-04-19-08][org.apache.ibatis.transaction.jdbc.JdbcTransaction]Setting autocommit to false on JDBC Connection [com.mysql.cj.jdbc.ConnectionImpl@548e6d58]
[DEBUG][21-09-10-04-19-08][com.kq.dao.UserMapper.queryUser]==>  Preparing: select * from user.mybatis_tb
[DEBUG][21-09-10-04-19-08][com.kq.dao.UserMapper.queryUser]==> Parameters: 
[DEBUG][21-09-10-04-21-12][org.apache.ibatis.logging.LogFactory]Logging initialized using 'class org.apache.ibatis.logging.log4j.Log4jImpl' adapter.
[DEBUG][21-09-10-04-21-12][org.apache.ibatis.logging.LogFactory]Logging initialized using 'class org.apache.ibatis.logging.log4j.Log4jImpl' adapter.
[DEBUG][21-09-10-04-21-12][org.apache.ibatis.datasource.pooled.PooledDataSource]PooledDataSource forcefully closed/removed all connections.
[DEBUG][21-09-10-04-21-12][org.apache.ibatis.datasource.pooled.PooledDataSource]PooledDataSource forcefully closed/removed all connections.
[DEBUG][21-09-10-04-21-12][org.apache.ibatis.datasource.pooled.PooledDataSource]PooledDataSource forcefully closed/removed all connections.
[DEBUG][21-09-10-04-21-12][org.apache.ibatis.datasource.pooled.PooledDataSource]PooledDataSource forcefully closed/removed all connections.
[DEBUG][21-09-10-04-21-12][org.apache.ibatis.transaction.jdbc.JdbcTransaction]Opening JDBC Connection
[DEBUG][21-09-10-04-21-14][org.apache.ibatis.datasource.pooled.PooledDataSource]Created connection 1418620248.
[DEBUG][21-09-10-04-21-14][org.apache.ibatis.transaction.jdbc.JdbcTransaction]Setting autocommit to false on JDBC Connection [com.mysql.cj.jdbc.ConnectionImpl@548e6d58]
[DEBUG][21-09-10-04-21-14][com.kq.dao.UserMapper.queryUser]==>  Preparing: select * from user.mybatis_tb
[DEBUG][21-09-10-04-21-14][com.kq.dao.UserMapper.queryUser]==> Parameters: 
[DEBUG][21-09-10-04-21-14][com.kq.dao.UserMapper.queryUser]<==      Total: 5
[DEBUG][21-09-10-04-21-14][org.apache.ibatis.transaction.jdbc.JdbcTransaction]Resetting autocommit to true on JDBC Connection [com.mysql.cj.jdbc.ConnectionImpl@548e6d58]
[DEBUG][21-09-10-04-21-14][org.apache.ibatis.transaction.jdbc.JdbcTransaction]Closing JDBC Connection [com.mysql.cj.jdbc.ConnectionImpl@548e6d58]
[DEBUG][21-09-10-04-21-14][org.apache.ibatis.datasource.pooled.PooledDataSource]Returned connection 1418620248 to pool.
[DEBUG][21-09-10-04-23-35][org.apache.ibatis.logging.LogFactory]Logging initialized using 'class org.apache.ibatis.logging.log4j.Log4jImpl' adapter.
[DEBUG][21-09-10-04-23-35][org.apache.ibatis.logging.LogFactory]Logging initialized using 'class org.apache.ibatis.logging.log4j.Log4jImpl' adapter.
[DEBUG][21-09-10-04-23-35][org.apache.ibatis.datasource.pooled.PooledDataSource]PooledDataSource forcefully closed/removed all connections.
[DEBUG][21-09-10-04-23-35][org.apache.ibatis.datasource.pooled.PooledDataSource]PooledDataSource forcefully closed/removed all connections.
[DEBUG][21-09-10-04-23-35][org.apache.ibatis.datasource.pooled.PooledDataSource]PooledDataSource forcefully closed/removed all connections.
[DEBUG][21-09-10-04-23-35][org.apache.ibatis.datasource.pooled.PooledDataSource]PooledDataSource forcefully closed/removed all connections.
[DEBUG][21-09-10-04-23-54][org.apache.ibatis.logging.LogFactory]Logging initialized using 'class org.apache.ibatis.logging.log4j.Log4jImpl' adapter.
[DEBUG][21-09-10-04-23-54][org.apache.ibatis.logging.LogFactory]Logging initialized using 'class org.apache.ibatis.logging.log4j.Log4jImpl' adapter.
[DEBUG][21-09-10-04-23-54][org.apache.ibatis.datasource.pooled.PooledDataSource]PooledDataSource forcefully closed/removed all connections.
[DEBUG][21-09-10-04-23-54][org.apache.ibatis.datasource.pooled.PooledDataSource]PooledDataSource forcefully closed/removed all connections.
[DEBUG][21-09-10-04-23-54][org.apache.ibatis.datasource.pooled.PooledDataSource]PooledDataSource forcefully closed/removed all connections.
[DEBUG][21-09-10-04-23-54][org.apache.ibatis.datasource.pooled.PooledDataSource]PooledDataSource forcefully closed/removed all connections.
[DEBUG][21-09-10-04-23-54][org.apache.ibatis.transaction.jdbc.JdbcTransaction]Opening JDBC Connection
[DEBUG][21-09-10-04-23-56][org.apache.ibatis.datasource.pooled.PooledDataSource]Created connection 355115154.
[DEBUG][21-09-10-04-23-56][org.apache.ibatis.transaction.jdbc.JdbcTransaction]Setting autocommit to false on JDBC Connection [com.mysql.cj.jdbc.ConnectionImpl@152aa092]
[DEBUG][21-09-10-04-23-56][com.kq.dao.UserMapper.queryUserById]==>  Preparing: select * from user.mybatis_tb WHERE id=?
[DEBUG][21-09-10-04-23-56][com.kq.dao.UserMapper.queryUserById]==> Parameters: 1(Integer)
[DEBUG][21-09-10-04-23-56][com.kq.dao.UserMapper.queryUserById]<==      Total: 1
[DEBUG][21-09-10-04-23-56][org.apache.ibatis.transaction.jdbc.JdbcTransaction]Resetting autocommit to true on JDBC Connection [com.mysql.cj.jdbc.ConnectionImpl@152aa092]
[DEBUG][21-09-10-04-23-56][org.apache.ibatis.transaction.jdbc.JdbcTransaction]Closing JDBC Connection [com.mysql.cj.jdbc.ConnectionImpl@152aa092]
[DEBUG][21-09-10-04-23-56][org.apache.ibatis.datasource.pooled.PooledDataSource]Returned connection 355115154 to pool.
[DEBUG][21-09-10-04-53-40][org.apache.ibatis.logging.LogFactory]Logging initialized using 'class org.apache.ibatis.logging.log4j.Log4jImpl' adapter.
[DEBUG][21-09-10-04-53-40][org.apache.ibatis.logging.LogFactory]Logging initialized using 'class org.apache.ibatis.logging.log4j.Log4jImpl' adapter.
[DEBUG][21-09-10-04-53-40][org.apache.ibatis.datasource.pooled.PooledDataSource]PooledDataSource forcefully closed/removed all connections.
[DEBUG][21-09-10-04-53-40][org.apache.ibatis.datasource.pooled.PooledDataSource]PooledDataSource forcefully closed/removed all connections.
[DEBUG][21-09-10-04-53-40][org.apache.ibatis.datasource.pooled.PooledDataSource]PooledDataSource forcefully closed/removed all connections.
[DEBUG][21-09-10-04-53-40][org.apache.ibatis.datasource.pooled.PooledDataSource]PooledDataSource forcefully closed/removed all connections.
[DEBUG][21-09-10-04-53-41][org.apache.ibatis.transaction.jdbc.JdbcTransaction]Opening JDBC Connection
[DEBUG][21-09-10-04-53-43][org.apache.ibatis.datasource.pooled.PooledDataSource]Created connection 355115154.
[DEBUG][21-09-10-04-53-43][org.apache.ibatis.transaction.jdbc.JdbcTransaction]Setting autocommit to false on JDBC Connection [com.mysql.cj.jdbc.ConnectionImpl@152aa092]
[DEBUG][21-09-10-04-53-43][com.kq.dao.UserMapper.queryUserById]==>  Preparing: select * from user.mybatis_tb WHERE id=?
[DEBUG][21-09-10-04-53-43][com.kq.dao.UserMapper.queryUserById]==> Parameters: 1(Integer)
[DEBUG][21-09-10-04-53-43][com.kq.dao.UserMapper.queryUserById]<==      Total: 1
[DEBUG][21-09-10-04-53-43][org.apache.ibatis.transaction.jdbc.JdbcTransaction]Resetting autocommit to true on JDBC Connection [com.mysql.cj.jdbc.ConnectionImpl@152aa092]
[DEBUG][21-09-10-04-53-43][org.apache.ibatis.transaction.jdbc.JdbcTransaction]Closing JDBC Connection [com.mysql.cj.jdbc.ConnectionImpl@152aa092]
[DEBUG][21-09-10-04-53-43][org.apache.ibatis.datasource.pooled.PooledDataSource]Returned connection 355115154 to pool.
[DEBUG][21-09-10-04-55-00][org.apache.ibatis.logging.LogFactory]Logging initialized using 'class org.apache.ibatis.logging.log4j.Log4jImpl' adapter.
[DEBUG][21-09-10-04-55-00][org.apache.ibatis.logging.LogFactory]Logging initialized using 'class org.apache.ibatis.logging.log4j.Log4jImpl' adapter.
[DEBUG][21-09-10-04-55-00][org.apache.ibatis.datasource.pooled.PooledDataSource]PooledDataSource forcefully closed/removed all connections.
[DEBUG][21-09-10-04-55-00][org.apache.ibatis.datasource.pooled.PooledDataSource]PooledDataSource forcefully closed/removed all connections.
[DEBUG][21-09-10-04-55-00][org.apache.ibatis.datasource.pooled.PooledDataSource]PooledDataSource forcefully closed/removed all connections.
[DEBUG][21-09-10-04-55-00][org.apache.ibatis.datasource.pooled.PooledDataSource]PooledDataSource forcefully closed/removed all connections.
[DEBUG][21-09-10-04-55-00][org.apache.ibatis.transaction.jdbc.JdbcTransaction]Opening JDBC Connection
[DEBUG][21-09-10-04-55-02][org.apache.ibatis.datasource.pooled.PooledDataSource]Created connection 355115154.
[DEBUG][21-09-10-04-55-02][org.apache.ibatis.transaction.jdbc.JdbcTransaction]Setting autocommit to false on JDBC Connection [com.mysql.cj.jdbc.ConnectionImpl@152aa092]
[DEBUG][21-09-10-04-55-02][com.kq.dao.UserMapper.queryUserById]==>  Preparing: select * from user.mybatis_tb WHERE id=?
[DEBUG][21-09-10-04-55-02][com.kq.dao.UserMapper.queryUserById]==> Parameters: 1(Integer)
[DEBUG][21-09-10-04-55-02][com.kq.dao.UserMapper.queryUserById]<==      Total: 1
[DEBUG][21-09-10-04-55-02][com.kq.dao.UserMapper.queryUserById]==>  Preparing: select * from user.mybatis_tb WHERE id=?
[DEBUG][21-09-10-04-55-02][com.kq.dao.UserMapper.queryUserById]==> Parameters: 1(Integer)
[DEBUG][21-09-10-04-55-02][com.kq.dao.UserMapper.queryUserById]<==      Total: 1
[DEBUG][21-09-10-04-55-02][org.apache.ibatis.transaction.jdbc.JdbcTransaction]Resetting autocommit to true on JDBC Connection [com.mysql.cj.jdbc.ConnectionImpl@152aa092]
[DEBUG][21-09-10-04-55-02][org.apache.ibatis.transaction.jdbc.JdbcTransaction]Closing JDBC Connection [com.mysql.cj.jdbc.ConnectionImpl@152aa092]
[DEBUG][21-09-10-04-55-02][org.apache.ibatis.datasource.pooled.PooledDataSource]Returned connection 355115154 to pool.
[DEBUG][21-09-10-04-55-23][org.apache.ibatis.logging.LogFactory]Logging initialized using 'class org.apache.ibatis.logging.log4j.Log4jImpl' adapter.
[DEBUG][21-09-10-04-55-23][org.apache.ibatis.logging.LogFactory]Logging initialized using 'class org.apache.ibatis.logging.log4j.Log4jImpl' adapter.
[DEBUG][21-09-10-04-55-23][org.apache.ibatis.datasource.pooled.PooledDataSource]PooledDataSource forcefully closed/removed all connections.
[DEBUG][21-09-10-04-55-23][org.apache.ibatis.datasource.pooled.PooledDataSource]PooledDataSource forcefully closed/removed all connections.
[DEBUG][21-09-10-04-55-23][org.apache.ibatis.datasource.pooled.PooledDataSource]PooledDataSource forcefully closed/removed all connections.
[DEBUG][21-09-10-04-55-23][org.apache.ibatis.datasource.pooled.PooledDataSource]PooledDataSource forcefully closed/removed all connections.
[DEBUG][21-09-10-04-55-23][org.apache.ibatis.transaction.jdbc.JdbcTransaction]Opening JDBC Connection
[DEBUG][21-09-10-04-55-25][org.apache.ibatis.datasource.pooled.PooledDataSource]Created connection 355115154.
[DEBUG][21-09-10-04-55-25][org.apache.ibatis.transaction.jdbc.JdbcTransaction]Setting autocommit to false on JDBC Connection [com.mysql.cj.jdbc.ConnectionImpl@152aa092]
[DEBUG][21-09-10-04-55-25][com.kq.dao.UserMapper.queryUserById]==>  Preparing: select * from user.mybatis_tb WHERE id=?
[DEBUG][21-09-10-04-55-25][com.kq.dao.UserMapper.queryUserById]==> Parameters: 1(Integer)
[DEBUG][21-09-10-04-55-26][com.kq.dao.UserMapper.queryUserById]<==      Total: 1
[DEBUG][21-09-10-04-55-26][com.kq.dao.UserMapper.queryUserById]==>  Preparing: select * from user.mybatis_tb WHERE id=?
[DEBUG][21-09-10-04-55-26][com.kq.dao.UserMapper.queryUserById]==> Parameters: 1(Integer)
[DEBUG][21-09-10-04-55-26][com.kq.dao.UserMapper.queryUserById]<==      Total: 1
[DEBUG][21-09-10-04-55-26][org.apache.ibatis.transaction.jdbc.JdbcTransaction]Resetting autocommit to true on JDBC Connection [com.mysql.cj.jdbc.ConnectionImpl@152aa092]
[DEBUG][21-09-10-04-55-26][org.apache.ibatis.transaction.jdbc.JdbcTransaction]Closing JDBC Connection [com.mysql.cj.jdbc.ConnectionImpl@152aa092]
[DEBUG][21-09-10-04-55-26][org.apache.ibatis.datasource.pooled.PooledDataSource]Returned connection 355115154 to pool.
[DEBUG][21-09-10-04-55-34][org.apache.ibatis.logging.LogFactory]Logging initialized using 'class org.apache.ibatis.logging.log4j.Log4jImpl' adapter.
[DEBUG][21-09-10-04-55-34][org.apache.ibatis.logging.LogFactory]Logging initialized using 'class org.apache.ibatis.logging.log4j.Log4jImpl' adapter.
[DEBUG][21-09-10-04-55-34][org.apache.ibatis.datasource.pooled.PooledDataSource]PooledDataSource forcefully closed/removed all connections.
[DEBUG][21-09-10-04-55-34][org.apache.ibatis.datasource.pooled.PooledDataSource]PooledDataSource forcefully closed/removed all connections.
[DEBUG][21-09-10-04-55-34][org.apache.ibatis.datasource.pooled.PooledDataSource]PooledDataSource forcefully closed/removed all connections.
[DEBUG][21-09-10-04-55-34][org.apache.ibatis.datasource.pooled.PooledDataSource]PooledDataSource forcefully closed/removed all connections.
[DEBUG][21-09-10-04-55-34][org.apache.ibatis.transaction.jdbc.JdbcTransaction]Opening JDBC Connection
[DEBUG][21-09-10-04-55-36][org.apache.ibatis.datasource.pooled.PooledDataSource]Created connection 355115154.
[DEBUG][21-09-10-04-55-36][org.apache.ibatis.transaction.jdbc.JdbcTransaction]Setting autocommit to false on JDBC Connection [com.mysql.cj.jdbc.ConnectionImpl@152aa092]
[DEBUG][21-09-10-04-55-36][com.kq.dao.UserMapper.queryUserById]==>  Preparing: select * from user.mybatis_tb WHERE id=?
[DEBUG][21-09-10-04-55-36][com.kq.dao.UserMapper.queryUserById]==> Parameters: 1(Integer)
[DEBUG][21-09-10-04-55-36][com.kq.dao.UserMapper.queryUserById]<==      Total: 1
[DEBUG][21-09-10-04-55-36][org.apache.ibatis.transaction.jdbc.JdbcTransaction]Resetting autocommit to true on JDBC Connection [com.mysql.cj.jdbc.ConnectionImpl@152aa092]
[DEBUG][21-09-10-04-55-36][org.apache.ibatis.transaction.jdbc.JdbcTransaction]Closing JDBC Connection [com.mysql.cj.jdbc.ConnectionImpl@152aa092]
[DEBUG][21-09-10-04-55-36][org.apache.ibatis.datasource.pooled.PooledDataSource]Returned connection 355115154 to pool.
[DEBUG][21-09-10-05-25-18][org.apache.ibatis.logging.LogFactory]Logging initialized using 'class org.apache.ibatis.logging.log4j.Log4jImpl' adapter.
[DEBUG][21-09-10-05-25-18][org.apache.ibatis.logging.LogFactory]Logging initialized using 'class org.apache.ibatis.logging.log4j.Log4jImpl' adapter.
[DEBUG][21-09-10-05-25-18][org.apache.ibatis.datasource.pooled.PooledDataSource]PooledDataSource forcefully closed/removed all connections.
[DEBUG][21-09-10-05-25-18][org.apache.ibatis.datasource.pooled.PooledDataSource]PooledDataSource forcefully closed/removed all connections.
[DEBUG][21-09-10-05-25-18][org.apache.ibatis.datasource.pooled.PooledDataSource]PooledDataSource forcefully closed/removed all connections.
[DEBUG][21-09-10-05-25-18][org.apache.ibatis.datasource.pooled.PooledDataSource]PooledDataSource forcefully closed/removed all connections.
[DEBUG][21-09-10-05-25-18][com.kq.dao.UserMapper]Cache Hit Ratio [com.kq.dao.UserMapper]: 0.0
[DEBUG][21-09-10-05-25-18][org.apache.ibatis.transaction.jdbc.JdbcTransaction]Opening JDBC Connection
[DEBUG][21-09-10-05-25-20][org.apache.ibatis.datasource.pooled.PooledDataSource]Created connection 895281180.
[DEBUG][21-09-10-05-25-20][org.apache.ibatis.transaction.jdbc.JdbcTransaction]Setting autocommit to false on JDBC Connection [com.mysql.cj.jdbc.ConnectionImpl@355ce81c]
[DEBUG][21-09-10-05-25-20][com.kq.dao.UserMapper.queryUserById]==>  Preparing: select * from user.mybatis_tb WHERE id=?
[DEBUG][21-09-10-05-25-20][com.kq.dao.UserMapper.queryUserById]==> Parameters: 1(Integer)
[DEBUG][21-09-10-05-25-20][com.kq.dao.UserMapper.queryUserById]<==      Total: 1
[DEBUG][21-09-10-05-25-20][com.kq.dao.UserMapper]Cache Hit Ratio [com.kq.dao.UserMapper]: 0.0
[DEBUG][21-09-10-05-25-20][org.apache.ibatis.transaction.jdbc.JdbcTransaction]Opening JDBC Connection
[DEBUG][21-09-10-05-25-20][org.apache.ibatis.datasource.pooled.PooledDataSource]Created connection 13803304.
[DEBUG][21-09-10-05-25-20][org.apache.ibatis.transaction.jdbc.JdbcTransaction]Setting autocommit to false on JDBC Connection [com.mysql.cj.jdbc.ConnectionImpl@d29f28]
[DEBUG][21-09-10-05-25-20][com.kq.dao.UserMapper.queryUserById]==>  Preparing: select * from user.mybatis_tb WHERE id=?
[DEBUG][21-09-10-05-25-20][com.kq.dao.UserMapper.queryUserById]==> Parameters: 1(Integer)
[DEBUG][21-09-10-05-25-20][com.kq.dao.UserMapper.queryUserById]<==      Total: 1
[DEBUG][21-09-10-05-25-20][org.apache.ibatis.transaction.jdbc.JdbcTransaction]Resetting autocommit to true on JDBC Connection [com.mysql.cj.jdbc.ConnectionImpl@355ce81c]
[DEBUG][21-09-10-05-25-20][org.apache.ibatis.transaction.jdbc.JdbcTransaction]Closing JDBC Connection [com.mysql.cj.jdbc.ConnectionImpl@355ce81c]
[DEBUG][21-09-10-05-25-20][org.apache.ibatis.datasource.pooled.PooledDataSource]Returned connection 895281180 to pool.
[DEBUG][21-09-10-05-25-20][org.apache.ibatis.transaction.jdbc.JdbcTransaction]Resetting autocommit to true on JDBC Connection [com.mysql.cj.jdbc.ConnectionImpl@d29f28]
[DEBUG][21-09-10-05-25-20][org.apache.ibatis.transaction.jdbc.JdbcTransaction]Closing JDBC Connection [com.mysql.cj.jdbc.ConnectionImpl@d29f28]
[DEBUG][21-09-10-05-25-20][org.apache.ibatis.datasource.pooled.PooledDataSource]Returned connection 13803304 to pool.
[DEBUG][21-09-10-05-25-43][org.apache.ibatis.logging.LogFactory]Logging initialized using 'class org.apache.ibatis.logging.log4j.Log4jImpl' adapter.
[DEBUG][21-09-10-05-25-43][org.apache.ibatis.logging.LogFactory]Logging initialized using 'class org.apache.ibatis.logging.log4j.Log4jImpl' adapter.
[DEBUG][21-09-10-05-25-43][org.apache.ibatis.datasource.pooled.PooledDataSource]PooledDataSource forcefully closed/removed all connections.
[DEBUG][21-09-10-05-25-43][org.apache.ibatis.datasource.pooled.PooledDataSource]PooledDataSource forcefully closed/removed all connections.
[DEBUG][21-09-10-05-25-43][org.apache.ibatis.datasource.pooled.PooledDataSource]PooledDataSource forcefully closed/removed all connections.
[DEBUG][21-09-10-05-25-43][org.apache.ibatis.datasource.pooled.PooledDataSource]PooledDataSource forcefully closed/removed all connections.
[DEBUG][21-09-10-05-25-43][com.kq.dao.UserMapper]Cache Hit Ratio [com.kq.dao.UserMapper]: 0.0
[DEBUG][21-09-10-05-25-43][org.apache.ibatis.transaction.jdbc.JdbcTransaction]Opening JDBC Connection
[DEBUG][21-09-10-05-25-45][org.apache.ibatis.datasource.pooled.PooledDataSource]Created connection 895281180.
[DEBUG][21-09-10-05-25-45][org.apache.ibatis.transaction.jdbc.JdbcTransaction]Setting autocommit to false on JDBC Connection [com.mysql.cj.jdbc.ConnectionImpl@355ce81c]
[DEBUG][21-09-10-05-25-45][com.kq.dao.UserMapper.queryUserById]==>  Preparing: select * from user.mybatis_tb WHERE id=?
[DEBUG][21-09-10-05-25-45][com.kq.dao.UserMapper.queryUserById]==> Parameters: 1(Integer)
[DEBUG][21-09-10-05-25-45][com.kq.dao.UserMapper.queryUserById]<==      Total: 1
[DEBUG][21-09-10-05-25-45][com.kq.dao.UserMapper]Cache Hit Ratio [com.kq.dao.UserMapper]: 0.0
[DEBUG][21-09-10-05-25-45][org.apache.ibatis.transaction.jdbc.JdbcTransaction]Opening JDBC Connection
[DEBUG][21-09-10-05-25-46][org.apache.ibatis.datasource.pooled.PooledDataSource]Created connection 13803304.
[DEBUG][21-09-10-05-25-46][org.apache.ibatis.transaction.jdbc.JdbcTransaction]Setting autocommit to false on JDBC Connection [com.mysql.cj.jdbc.ConnectionImpl@d29f28]
[DEBUG][21-09-10-05-25-46][com.kq.dao.UserMapper.queryUserById]==>  Preparing: select * from user.mybatis_tb WHERE id=?
[DEBUG][21-09-10-05-25-46][com.kq.dao.UserMapper.queryUserById]==> Parameters: 1(Integer)
[DEBUG][21-09-10-05-25-46][com.kq.dao.UserMapper.queryUserById]<==      Total: 1
[DEBUG][21-09-10-05-25-46][org.apache.ibatis.transaction.jdbc.JdbcTransaction]Resetting autocommit to true on JDBC Connection [com.mysql.cj.jdbc.ConnectionImpl@355ce81c]
[DEBUG][21-09-10-05-25-46][org.apache.ibatis.transaction.jdbc.JdbcTransaction]Closing JDBC Connection [com.mysql.cj.jdbc.ConnectionImpl@355ce81c]
[DEBUG][21-09-10-05-25-46][org.apache.ibatis.datasource.pooled.PooledDataSource]Returned connection 895281180 to pool.
[DEBUG][21-09-10-05-25-46][org.apache.ibatis.transaction.jdbc.JdbcTransaction]Resetting autocommit to true on JDBC Connection [com.mysql.cj.jdbc.ConnectionImpl@d29f28]
[DEBUG][21-09-10-05-25-46][org.apache.ibatis.transaction.jdbc.JdbcTransaction]Closing JDBC Connection [com.mysql.cj.jdbc.ConnectionImpl@d29f28]
[DEBUG][21-09-10-05-25-46][org.apache.ibatis.datasource.pooled.PooledDataSource]Returned connection 13803304 to pool.
[DEBUG][21-09-10-05-26-32][org.apache.ibatis.logging.LogFactory]Logging initialized using 'class org.apache.ibatis.logging.log4j.Log4jImpl' adapter.
[DEBUG][21-09-10-05-26-32][org.apache.ibatis.logging.LogFactory]Logging initialized using 'class org.apache.ibatis.logging.log4j.Log4jImpl' adapter.
[DEBUG][21-09-10-05-26-32][org.apache.ibatis.datasource.pooled.PooledDataSource]PooledDataSource forcefully closed/removed all connections.
[DEBUG][21-09-10-05-26-32][org.apache.ibatis.datasource.pooled.PooledDataSource]PooledDataSource forcefully closed/removed all connections.
[DEBUG][21-09-10-05-26-32][org.apache.ibatis.datasource.pooled.PooledDataSource]PooledDataSource forcefully closed/removed all connections.
[DEBUG][21-09-10-05-26-32][org.apache.ibatis.datasource.pooled.PooledDataSource]PooledDataSource forcefully closed/removed all connections.
[DEBUG][21-09-10-05-26-32][com.kq.dao.UserMapper]Cache Hit Ratio [com.kq.dao.UserMapper]: 0.0
[DEBUG][21-09-10-05-26-32][org.apache.ibatis.transaction.jdbc.JdbcTransaction]Opening JDBC Connection
[DEBUG][21-09-10-05-26-34][org.apache.ibatis.datasource.pooled.PooledDataSource]Created connection 895281180.
[DEBUG][21-09-10-05-26-34][org.apache.ibatis.transaction.jdbc.JdbcTransaction]Setting autocommit to false on JDBC Connection [com.mysql.cj.jdbc.ConnectionImpl@355ce81c]
[DEBUG][21-09-10-05-26-34][com.kq.dao.UserMapper.queryUserById]==>  Preparing: select * from user.mybatis_tb WHERE id=?
[DEBUG][21-09-10-05-26-34][com.kq.dao.UserMapper.queryUserById]==> Parameters: 1(Integer)
[DEBUG][21-09-10-05-26-34][com.kq.dao.UserMapper.queryUserById]<==      Total: 1
[DEBUG][21-09-10-05-26-34][com.kq.dao.UserMapper]Cache Hit Ratio [com.kq.dao.UserMapper]: 0.0
[DEBUG][21-09-10-05-26-34][org.apache.ibatis.transaction.jdbc.JdbcTransaction]Opening JDBC Connection
[DEBUG][21-09-10-05-26-35][org.apache.ibatis.datasource.pooled.PooledDataSource]Created connection 13803304.
[DEBUG][21-09-10-05-26-35][org.apache.ibatis.transaction.jdbc.JdbcTransaction]Setting autocommit to false on JDBC Connection [com.mysql.cj.jdbc.ConnectionImpl@d29f28]
[DEBUG][21-09-10-05-26-35][com.kq.dao.UserMapper.queryUserById]==>  Preparing: select * from user.mybatis_tb WHERE id=?
[DEBUG][21-09-10-05-26-35][com.kq.dao.UserMapper.queryUserById]==> Parameters: 1(Integer)
[DEBUG][21-09-10-05-26-35][com.kq.dao.UserMapper.queryUserById]<==      Total: 1
[DEBUG][21-09-10-05-26-35][org.apache.ibatis.transaction.jdbc.JdbcTransaction]Resetting autocommit to true on JDBC Connection [com.mysql.cj.jdbc.ConnectionImpl@355ce81c]
[DEBUG][21-09-10-05-26-35][org.apache.ibatis.transaction.jdbc.JdbcTransaction]Closing JDBC Connection [com.mysql.cj.jdbc.ConnectionImpl@355ce81c]
[DEBUG][21-09-10-05-26-35][org.apache.ibatis.datasource.pooled.PooledDataSource]Returned connection 895281180 to pool.
[DEBUG][21-09-10-05-26-35][org.apache.ibatis.transaction.jdbc.JdbcTransaction]Resetting autocommit to true on JDBC Connection [com.mysql.cj.jdbc.ConnectionImpl@d29f28]
[DEBUG][21-09-10-05-26-35][org.apache.ibatis.transaction.jdbc.JdbcTransaction]Closing JDBC Connection [com.mysql.cj.jdbc.ConnectionImpl@d29f28]
[DEBUG][21-09-10-05-26-35][org.apache.ibatis.datasource.pooled.PooledDataSource]Returned connection 13803304 to pool.
[DEBUG][21-09-10-05-28-20][org.apache.ibatis.logging.LogFactory]Logging initialized using 'class org.apache.ibatis.logging.log4j.Log4jImpl' adapter.
[DEBUG][21-09-10-05-28-20][org.apache.ibatis.logging.LogFactory]Logging initialized using 'class org.apache.ibatis.logging.log4j.Log4jImpl' adapter.
[DEBUG][21-09-10-05-28-20][org.apache.ibatis.datasource.pooled.PooledDataSource]PooledDataSource forcefully closed/removed all connections.
[DEBUG][21-09-10-05-28-20][org.apache.ibatis.datasource.pooled.PooledDataSource]PooledDataSource forcefully closed/removed all connections.
[DEBUG][21-09-10-05-28-20][org.apache.ibatis.datasource.pooled.PooledDataSource]PooledDataSource forcefully closed/removed all connections.
[DEBUG][21-09-10-05-28-20][org.apache.ibatis.datasource.pooled.PooledDataSource]PooledDataSource forcefully closed/removed all connections.
[DEBUG][21-09-10-05-28-20][com.kq.dao.UserMapper]Cache Hit Ratio [com.kq.dao.UserMapper]: 0.0
[DEBUG][21-09-10-05-28-20][org.apache.ibatis.transaction.jdbc.JdbcTransaction]Opening JDBC Connection
[DEBUG][21-09-10-05-28-22][org.apache.ibatis.datasource.pooled.PooledDataSource]Created connection 895281180.
[DEBUG][21-09-10-05-28-22][org.apache.ibatis.transaction.jdbc.JdbcTransaction]Setting autocommit to false on JDBC Connection [com.mysql.cj.jdbc.ConnectionImpl@355ce81c]
[DEBUG][21-09-10-05-28-22][com.kq.dao.UserMapper.queryUserById]==>  Preparing: select * from user.mybatis_tb WHERE id=?
[DEBUG][21-09-10-05-28-22][com.kq.dao.UserMapper.queryUserById]==> Parameters: 1(Integer)
[DEBUG][21-09-10-05-28-22][com.kq.dao.UserMapper.queryUserById]<==      Total: 1
[DEBUG][21-09-10-05-28-22][org.apache.ibatis.transaction.jdbc.JdbcTransaction]Resetting autocommit to true on JDBC Connection [com.mysql.cj.jdbc.ConnectionImpl@355ce81c]
[DEBUG][21-09-10-05-28-22][org.apache.ibatis.transaction.jdbc.JdbcTransaction]Closing JDBC Connection [com.mysql.cj.jdbc.ConnectionImpl@355ce81c]
[DEBUG][21-09-10-05-28-22][org.apache.ibatis.datasource.pooled.PooledDataSource]Returned connection 895281180 to pool.
[DEBUG][21-09-10-05-28-22][com.kq.dao.UserMapper]Cache Hit Ratio [com.kq.dao.UserMapper]: 0.5
[DEBUG][21-09-10-05-31-07][org.apache.ibatis.logging.LogFactory]Logging initialized using 'class org.apache.ibatis.logging.log4j.Log4jImpl' adapter.
[DEBUG][21-09-10-05-31-07][org.apache.ibatis.logging.LogFactory]Logging initialized using 'class org.apache.ibatis.logging.log4j.Log4jImpl' adapter.
[DEBUG][21-09-10-05-31-07][org.apache.ibatis.datasource.pooled.PooledDataSource]PooledDataSource forcefully closed/removed all connections.
[DEBUG][21-09-10-05-31-07][org.apache.ibatis.datasource.pooled.PooledDataSource]PooledDataSource forcefully closed/removed all connections.
[DEBUG][21-09-10-05-31-07][org.apache.ibatis.datasource.pooled.PooledDataSource]PooledDataSource forcefully closed/removed all connections.
[DEBUG][21-09-10-05-31-07][org.apache.ibatis.datasource.pooled.PooledDataSource]PooledDataSource forcefully closed/removed all connections.
[DEBUG][21-09-10-05-31-07][com.kq.dao.UserMapper]Cache Hit Ratio [com.kq.dao.UserMapper]: 0.0
[DEBUG][21-09-10-05-31-07][org.apache.ibatis.transaction.jdbc.JdbcTransaction]Opening JDBC Connection
[DEBUG][21-09-10-05-31-12][org.apache.ibatis.datasource.pooled.PooledDataSource]Created connection 1604353554.
[DEBUG][21-09-10-05-31-12][org.apache.ibatis.transaction.jdbc.JdbcTransaction]Setting autocommit to false on JDBC Connection [com.mysql.cj.jdbc.ConnectionImpl@5fa07e12]
[DEBUG][21-09-10-05-31-12][com.kq.dao.UserMapper.queryUserById]==>  Preparing: select * from user.mybatis_tb WHERE id=?
[DEBUG][21-09-10-05-31-12][com.kq.dao.UserMapper.queryUserById]==> Parameters: 1(Integer)
[DEBUG][21-09-10-05-31-12][com.kq.dao.UserMapper.queryUserById]<==      Total: 1
[DEBUG][21-09-10-05-31-12][org.apache.ibatis.transaction.jdbc.JdbcTransaction]Resetting autocommit to true on JDBC Connection [com.mysql.cj.jdbc.ConnectionImpl@5fa07e12]
[DEBUG][21-09-10-05-31-12][org.apache.ibatis.transaction.jdbc.JdbcTransaction]Closing JDBC Connection [com.mysql.cj.jdbc.ConnectionImpl@5fa07e12]
[DEBUG][21-09-10-05-31-12][org.apache.ibatis.datasource.pooled.PooledDataSource]Returned connection 1604353554 to pool.
[DEBUG][21-09-10-05-33-45][org.apache.ibatis.logging.LogFactory]Logging initialized using 'class org.apache.ibatis.logging.log4j.Log4jImpl' adapter.
[DEBUG][21-09-10-05-33-45][org.apache.ibatis.logging.LogFactory]Logging initialized using 'class org.apache.ibatis.logging.log4j.Log4jImpl' adapter.
[DEBUG][21-09-10-05-33-45][org.apache.ibatis.datasource.pooled.PooledDataSource]PooledDataSource forcefully closed/removed all connections.
[DEBUG][21-09-10-05-33-45][org.apache.ibatis.datasource.pooled.PooledDataSource]PooledDataSource forcefully closed/removed all connections.
[DEBUG][21-09-10-05-33-45][org.apache.ibatis.datasource.pooled.PooledDataSource]PooledDataSource forcefully closed/removed all connections.
[DEBUG][21-09-10-05-33-45][org.apache.ibatis.datasource.pooled.PooledDataSource]PooledDataSource forcefully closed/removed all connections.
[DEBUG][21-09-10-05-33-45][com.kq.dao.UserMapper]Cache Hit Ratio [com.kq.dao.UserMapper]: 0.0
[DEBUG][21-09-10-05-33-45][org.apache.ibatis.transaction.jdbc.JdbcTransaction]Opening JDBC Connection
[DEBUG][21-09-10-05-33-47][org.apache.ibatis.datasource.pooled.PooledDataSource]Created connection 1604353554.
[DEBUG][21-09-10-05-33-47][org.apache.ibatis.transaction.jdbc.JdbcTransaction]Setting autocommit to false on JDBC Connection [com.mysql.cj.jdbc.ConnectionImpl@5fa07e12]
[DEBUG][21-09-10-05-33-47][com.kq.dao.UserMapper.queryUserById]==>  Preparing: select * from user.mybatis_tb WHERE id=?
[DEBUG][21-09-10-05-33-47][com.kq.dao.UserMapper.queryUserById]==> Parameters: 1(Integer)
[DEBUG][21-09-10-05-33-47][com.kq.dao.UserMapper.queryUserById]<==      Total: 1
[DEBUG][21-09-10-05-33-47][org.apache.ibatis.transaction.jdbc.JdbcTransaction]Resetting autocommit to true on JDBC Connection [com.mysql.cj.jdbc.ConnectionImpl@5fa07e12]
[DEBUG][21-09-10-05-33-47][org.apache.ibatis.transaction.jdbc.JdbcTransaction]Closing JDBC Connection [com.mysql.cj.jdbc.ConnectionImpl@5fa07e12]
[DEBUG][21-09-10-05-33-47][org.apache.ibatis.datasource.pooled.PooledDataSource]Returned connection 1604353554 to pool.
[WARN][21-09-10-05-33-47][org.apache.ibatis.io.SerialFilterChecker]As you are using functionality that deserializes object streams, it is recommended to define the JEP-290 serial filter. Please refer to https://docs.oracle.com/pls/topic/lookup?ctx=javase15&id=GUID-8296D8E8-2B93-4B9A-856E-0A65AF9B8C66
[DEBUG][21-09-10-05-33-47][com.kq.dao.UserMapper]Cache Hit Ratio [com.kq.dao.UserMapper]: 0.5
